The target system is: Linux -  - x86_64
The host system is: Linux - 6.8.0-60-generic - x86_64
Compiling the C compiler identification source file "CMakeCCompilerId.c" succeeded.
Compiler: /home/hanphone/openwrt-project-environment/openwrt-sdk-24.10.0/staging_dir/toolchain-x86_64_gcc-13.3.0_musl/bin/x86_64-openwrt-linux-gcc 
Build flags: 
Id flags:  

The output was:
0


Compilation of the C compiler identification source "CMakeCCompilerId.c" produced "a.out"

The C compiler identification is GNU, found in "/home/hanphone/openwrt-projects/project1/build/CMakeFiles/3.22.1/CompilerIdC/a.out"

Compiling the CXX compiler identification source file "CMakeCXXCompilerId.cpp" succeeded.
Compiler: /home/hanphone/openwrt-project-environment/openwrt-sdk-24.10.0/staging_dir/toolchain-x86_64_gcc-13.3.0_musl/bin/x86_64-openwrt-linux-g++ 
Build flags: 
Id flags:  

The output was:
0


Compilation of the CXX compiler identification source "CMakeCXXCompilerId.cpp" produced "a.out"

The CXX compiler identification is GNU, found in "/home/hanphone/openwrt-projects/project1/build/CMakeFiles/3.22.1/CompilerIdCXX/a.out"

Detecting C compiler ABI info compiled with the following output:
Change Dir: /home/hanphone/openwrt-projects/project1/build/CMakeFiles/CMakeTmp

Run Build Command(s):/usr/bin/gmake -f Makefile cmTC_925e1/fast && /usr/bin/gmake  -f CMakeFiles/cmTC_925e1.dir/build.make CMakeFiles/cmTC_925e1.dir/build
gmake[1]: Entering directory '/home/hanphone/openwrt-projects/project1/build/CMakeFiles/CMakeTmp'
Building C object CMakeFiles/cmTC_925e1.dir/CMakeCCompilerABI.c.o
/home/hanphone/openwrt-project-environment/openwrt-sdk-24.10.0/staging_dir/toolchain-x86_64_gcc-13.3.0_musl/bin/x86_64-openwrt-linux-gcc --sysroot=/home/hanphone/openwrt-project-environment/openwrt-sdk-24.10.0/staging_dir/target-x86_64_musl   -v -o CMakeFiles/cmTC_925e1.dir/CMakeCCompilerABI.c.o -c /usr/share/cmake-3.22/Modules/CMakeCCompilerABI.c
Reading specs from /home/hanphone/openwrt-project-environment/openwrt-sdk-24.10.0/staging_dir/toolchain-x86_64_gcc-13.3.0_musl/bin/../lib/gcc/x86_64-openwrt-linux-musl/13.3.0/specs
COLLECT_GCC=/home/hanphone/openwrt-project-environment/openwrt-sdk-24.10.0/staging_dir/toolchain-x86_64_gcc-13.3.0_musl/bin/x86_64-openwrt-linux-gcc
Target: x86_64-openwrt-linux-musl
Configured with: /builder/shared-workdir/build/build_dir/toolchain-x86_64_gcc-13.3.0_musl/gcc-13.3.0/configure --with-bugurl=http://bugs.openwrt.org/ --with-pkgversion='OpenWrt GCC 13.3.0 r28427-6df0e3d02a' --prefix=/builder/shared-workdir/build/staging_dir/toolchain-x86_64_gcc-13.3.0_musl --build=x86_64-pc-linux-gnu --host=x86_64-pc-linux-gnu --target=x86_64-openwrt-linux-musl --with-gnu-ld --enable-target-optspace --disable-libgomp --disable-libmudflap --disable-multilib --disable-libmpx --disable-nls --disable-libssp --without-isl --without-cloog --with-host-libstdcxx=-lstdc++ --with-system-zlib=/builder/shared-workdir/build/staging_dir/host --with-zstd=/builder/shared-workdir/build/staging_dir/host --with-gmp=/builder/shared-workdir/build/staging_dir/host --with-mpfr=/builder/shared-workdir/build/staging_dir/host --with-mpc=/builder/shared-workdir/build/staging_dir/host --disable-decimal-float --with-diagnostics-color=auto-if-env --enable-__cxa_atexit --enable-libstdcxx-dual-abi --with-default-libstdcxx-abi=new CFLAGS='-O2 -I/builder/shared-workdir/build/staging_dir/host/include  -pipe' CXXFLAGS='-O2 -I/builder/shared-workdir/build/staging_dir/host/include  -pipe' 'CFLAGS_FOR_TARGET=-Os -pipe -fno-caller-saves -fno-plt -fhonour-copts -Wformat -Werror=format-security -fstack-protector -D_FORTIFY_SOURCE=1 -Wl,-z,now -Wl,-z,relro' 'CXXFLAGS_FOR_TARGET=-Os -pipe -fno-caller-saves -fno-plt -fhonour-copts -Wformat -Werror=format-security -fstack-protector -D_FORTIFY_SOURCE=1 -Wl,-z,now -Wl,-z,relro' 'GOCFLAGS_FOR_TARGET=-Os -pipe -fno-caller-saves -fno-plt -fhonour-copts -Wformat -Werror=format-security -fstack-protector -D_FORTIFY_SOURCE=1 -Wl,-z,now -Wl,-z,relro' --with-headers=/builder/shared-workdir/build/staging_dir/toolchain-x86_64_gcc-13.3.0_musl/include --enable-languages=c,c++ --enable-shared --enable-threads --with-slibdir=/builder/shared-workdir/build/staging_dir/toolchain-x86_64_gcc-13.3.0_musl/lib --enable-plugins --enable-lto --with-libelf=/builder/shared-workdir/build/staging_dir/host --disable-libsanitizer
Thread model: posix
Supported LTO compression algorithms: zlib zstd
gcc version 13.3.0 (OpenWrt GCC 13.3.0 r28427-6df0e3d02a) 
COLLECT_GCC_OPTIONS='--sysroot=/home/hanphone/openwrt-project-environment/openwrt-sdk-24.10.0/staging_dir/target-x86_64_musl' '-v' '-o' 'CMakeFiles/cmTC_925e1.dir/CMakeCCompilerABI.c.o' '-c' '-mtune=generic' '-march=x86-64' '-dumpdir' 'CMakeFiles/cmTC_925e1.dir/'
 /home/hanphone/openwrt-project-environment/openwrt-sdk-24.10.0/staging_dir/toolchain-x86_64_gcc-13.3.0_musl/bin/../libexec/gcc/x86_64-openwrt-linux-musl/13.3.0/cc1 -quiet -v -iprefix /home/hanphone/openwrt-project-environment/openwrt-sdk-24.10.0/staging_dir/toolchain-x86_64_gcc-13.3.0_musl/bin/../lib/gcc/x86_64-openwrt-linux-musl/13.3.0/ -isysroot /home/hanphone/openwrt-project-environment/openwrt-sdk-24.10.0/staging_dir/target-x86_64_musl -idirafter /home/hanphone/openwrt-project-environment/openwrt-sdk-24.10.0/staging_dir/usr/include /usr/share/cmake-3.22/Modules/CMakeCCompilerABI.c -quiet -dumpdir CMakeFiles/cmTC_925e1.dir/ -dumpbase CMakeCCompilerABI.c.c -dumpbase-ext .c -mtune=generic -march=x86-64 -version -o /tmp/cc1oxtVk.s
GNU C17 (OpenWrt GCC 13.3.0 r28427-6df0e3d02a) version 13.3.0 (x86_64-openwrt-linux-musl)
	compiled by GNU C version 10.2.1 20210110, GMP version 6.3.0, MPFR version 4.2.1, MPC version 1.3.1, isl version none
GGC heuristics: --param ggc-min-expand=100 --param ggc-min-heapsize=131072
ignoring duplicate directory "/home/hanphone/openwrt-project-environment/openwrt-sdk-24.10.0/staging_dir/toolchain-x86_64_gcc-13.3.0_musl/bin/../lib/gcc/../../lib/gcc/x86_64-openwrt-linux-musl/13.3.0/../../../../x86_64-openwrt-linux-musl/sys-include"
ignoring duplicate directory "/home/hanphone/openwrt-project-environment/openwrt-sdk-24.10.0/staging_dir/toolchain-x86_64_gcc-13.3.0_musl/bin/../lib/gcc/../../lib/gcc/x86_64-openwrt-linux-musl/13.3.0/../../../../x86_64-openwrt-linux-musl/include"
ignoring duplicate directory "/home/hanphone/openwrt-project-environment/openwrt-sdk-24.10.0/staging_dir/toolchain-x86_64_gcc-13.3.0_musl/bin/../lib/gcc/../../lib/gcc/x86_64-openwrt-linux-musl/13.3.0/include"
ignoring nonexistent directory "/home/hanphone/openwrt-project-environment/openwrt-sdk-24.10.0/staging_dir/usr/include"
#include "..." search starts here:
#include <...> search starts here:
 /home/hanphone/openwrt-project-environment/openwrt-sdk-24.10.0/staging_dir/toolchain-x86_64_gcc-13.3.0_musl/bin/../lib/gcc/x86_64-openwrt-linux-musl/13.3.0/../../../../x86_64-openwrt-linux-musl/sys-include
 /home/hanphone/openwrt-project-environment/openwrt-sdk-24.10.0/staging_dir/toolchain-x86_64_gcc-13.3.0_musl/bin/../lib/gcc/x86_64-openwrt-linux-musl/13.3.0/../../../../x86_64-openwrt-linux-musl/include
 /home/hanphone/openwrt-project-environment/openwrt-sdk-24.10.0/staging_dir/toolchain-x86_64_gcc-13.3.0_musl/bin/../lib/gcc/x86_64-openwrt-linux-musl/13.3.0/include
End of search list.
Compiler executable checksum: b9f5e7dba3b7ff393ab87e1003663754
COLLECT_GCC_OPTIONS='--sysroot=/home/hanphone/openwrt-project-environment/openwrt-sdk-24.10.0/staging_dir/target-x86_64_musl' '-v' '-o' 'CMakeFiles/cmTC_925e1.dir/CMakeCCompilerABI.c.o' '-c' '-mtune=generic' '-march=x86-64' '-dumpdir' 'CMakeFiles/cmTC_925e1.dir/'
 /home/hanphone/openwrt-project-environment/openwrt-sdk-24.10.0/staging_dir/toolchain-x86_64_gcc-13.3.0_musl/bin/../lib/gcc/x86_64-openwrt-linux-musl/13.3.0/../../../../x86_64-openwrt-linux-musl/bin/as -v --64 -o CMakeFiles/cmTC_925e1.dir/CMakeCCompilerABI.c.o /tmp/cc1oxtVk.s
GNU assembler version 2.42 (x86_64-openwrt-linux-musl) using BFD version (GNU Binutils) 2.42
COMPILER_PATH=/home/hanphone/openwrt-project-environment/openwrt-sdk-24.10.0/staging_dir/toolchain-x86_64_gcc-13.3.0_musl/bin/../libexec/gcc/x86_64-openwrt-linux-musl/13.3.0/:/home/hanphone/openwrt-project-environment/openwrt-sdk-24.10.0/staging_dir/toolchain-x86_64_gcc-13.3.0_musl/bin/../libexec/gcc/:/home/hanphone/openwrt-project-environment/openwrt-sdk-24.10.0/staging_dir/toolchain-x86_64_gcc-13.3.0_musl/bin/../lib/gcc/x86_64-openwrt-linux-musl/13.3.0/../../../../x86_64-openwrt-linux-musl/bin/
LIBRARY_PATH=/home/hanphone/openwrt-project-environment/openwrt-sdk-24.10.0/staging_dir/toolchain-x86_64_gcc-13.3.0_musl/bin/../lib/gcc/x86_64-openwrt-linux-musl/13.3.0/:/home/hanphone/openwrt-project-environment/openwrt-sdk-24.10.0/staging_dir/toolchain-x86_64_gcc-13.3.0_musl/bin/../lib/gcc/:/home/hanphone/openwrt-project-environment/openwrt-sdk-24.10.0/staging_dir/toolchain-x86_64_gcc-13.3.0_musl/bin/../lib/gcc/x86_64-openwrt-linux-musl/13.3.0/../../../../x86_64-openwrt-linux-musl/lib/:/home/hanphone/openwrt-project-environment/openwrt-sdk-24.10.0/staging_dir/target-x86_64_musl/usr/lib/
COLLECT_GCC_OPTIONS='--sysroot=/home/hanphone/openwrt-project-environment/openwrt-sdk-24.10.0/staging_dir/target-x86_64_musl' '-v' '-o' 'CMakeFiles/cmTC_925e1.dir/CMakeCCompilerABI.c.o' '-c' '-mtune=generic' '-march=x86-64' '-dumpdir' 'CMakeFiles/cmTC_925e1.dir/CMakeCCompilerABI.c.'
Linking C executable cmTC_925e1
/usr/bin/cmake -E cmake_link_script CMakeFiles/cmTC_925e1.dir/link.txt --verbose=1
/home/hanphone/openwrt-project-environment/openwrt-sdk-24.10.0/staging_dir/toolchain-x86_64_gcc-13.3.0_musl/bin/x86_64-openwrt-linux-gcc --sysroot=/home/hanphone/openwrt-project-environment/openwrt-sdk-24.10.0/staging_dir/target-x86_64_musl  -v CMakeFiles/cmTC_925e1.dir/CMakeCCompilerABI.c.o -o cmTC_925e1 
Reading specs from /home/hanphone/openwrt-project-environment/openwrt-sdk-24.10.0/staging_dir/toolchain-x86_64_gcc-13.3.0_musl/bin/../lib/gcc/x86_64-openwrt-linux-musl/13.3.0/specs
COLLECT_GCC=/home/hanphone/openwrt-project-environment/openwrt-sdk-24.10.0/staging_dir/toolchain-x86_64_gcc-13.3.0_musl/bin/x86_64-openwrt-linux-gcc
COLLECT_LTO_WRAPPER=/home/hanphone/openwrt-project-environment/openwrt-sdk-24.10.0/staging_dir/toolchain-x86_64_gcc-13.3.0_musl/bin/../libexec/gcc/x86_64-openwrt-linux-musl/13.3.0/lto-wrapper
Target: x86_64-openwrt-linux-musl
Configured with: /builder/shared-workdir/build/build_dir/toolchain-x86_64_gcc-13.3.0_musl/gcc-13.3.0/configure --with-bugurl=http://bugs.openwrt.org/ --with-pkgversion='OpenWrt GCC 13.3.0 r28427-6df0e3d02a' --prefix=/builder/shared-workdir/build/staging_dir/toolchain-x86_64_gcc-13.3.0_musl --build=x86_64-pc-linux-gnu --host=x86_64-pc-linux-gnu --target=x86_64-openwrt-linux-musl --with-gnu-ld --enable-target-optspace --disable-libgomp --disable-libmudflap --disable-multilib --disable-libmpx --disable-nls --disable-libssp --without-isl --without-cloog --with-host-libstdcxx=-lstdc++ --with-system-zlib=/builder/shared-workdir/build/staging_dir/host --with-zstd=/builder/shared-workdir/build/staging_dir/host --with-gmp=/builder/shared-workdir/build/staging_dir/host --with-mpfr=/builder/shared-workdir/build/staging_dir/host --with-mpc=/builder/shared-workdir/build/staging_dir/host --disable-decimal-float --with-diagnostics-color=auto-if-env --enable-__cxa_atexit --enable-libstdcxx-dual-abi --with-default-libstdcxx-abi=new CFLAGS='-O2 -I/builder/shared-workdir/build/staging_dir/host/include  -pipe' CXXFLAGS='-O2 -I/builder/shared-workdir/build/staging_dir/host/include  -pipe' 'CFLAGS_FOR_TARGET=-Os -pipe -fno-caller-saves -fno-plt -fhonour-copts -Wformat -Werror=format-security -fstack-protector -D_FORTIFY_SOURCE=1 -Wl,-z,now -Wl,-z,relro' 'CXXFLAGS_FOR_TARGET=-Os -pipe -fno-caller-saves -fno-plt -fhonour-copts -Wformat -Werror=format-security -fstack-protector -D_FORTIFY_SOURCE=1 -Wl,-z,now -Wl,-z,relro' 'GOCFLAGS_FOR_TARGET=-Os -pipe -fno-caller-saves -fno-plt -fhonour-copts -Wformat -Werror=format-security -fstack-protector -D_FORTIFY_SOURCE=1 -Wl,-z,now -Wl,-z,relro' --with-headers=/builder/shared-workdir/build/staging_dir/toolchain-x86_64_gcc-13.3.0_musl/include --enable-languages=c,c++ --enable-shared --enable-threads --with-slibdir=/builder/shared-workdir/build/staging_dir/toolchain-x86_64_gcc-13.3.0_musl/lib --enable-plugins --enable-lto --with-libelf=/builder/shared-workdir/build/staging_dir/host --disable-libsanitizer
Thread model: posix
Supported LTO compression algorithms: zlib zstd
gcc version 13.3.0 (OpenWrt GCC 13.3.0 r28427-6df0e3d02a) 
COMPILER_PATH=/home/hanphone/openwrt-project-environment/openwrt-sdk-24.10.0/staging_dir/toolchain-x86_64_gcc-13.3.0_musl/bin/../libexec/gcc/x86_64-openwrt-linux-musl/13.3.0/:/home/hanphone/openwrt-project-environment/openwrt-sdk-24.10.0/staging_dir/toolchain-x86_64_gcc-13.3.0_musl/bin/../libexec/gcc/:/home/hanphone/openwrt-project-environment/openwrt-sdk-24.10.0/staging_dir/toolchain-x86_64_gcc-13.3.0_musl/bin/../lib/gcc/x86_64-openwrt-linux-musl/13.3.0/../../../../x86_64-openwrt-linux-musl/bin/
LIBRARY_PATH=/home/hanphone/openwrt-project-environment/openwrt-sdk-24.10.0/staging_dir/toolchain-x86_64_gcc-13.3.0_musl/bin/../lib/gcc/x86_64-openwrt-linux-musl/13.3.0/:/home/hanphone/openwrt-project-environment/openwrt-sdk-24.10.0/staging_dir/toolchain-x86_64_gcc-13.3.0_musl/bin/../lib/gcc/:/home/hanphone/openwrt-project-environment/openwrt-sdk-24.10.0/staging_dir/toolchain-x86_64_gcc-13.3.0_musl/bin/../lib/gcc/x86_64-openwrt-linux-musl/13.3.0/../../../../x86_64-openwrt-linux-musl/lib/:/home/hanphone/openwrt-project-environment/openwrt-sdk-24.10.0/staging_dir/target-x86_64_musl/usr/lib/
COLLECT_GCC_OPTIONS='--sysroot=/home/hanphone/openwrt-project-environment/openwrt-sdk-24.10.0/staging_dir/target-x86_64_musl' '-v' '-o' 'cmTC_925e1' '-mtune=generic' '-march=x86-64' '-dumpdir' 'cmTC_925e1.'
 /home/hanphone/openwrt-project-environment/openwrt-sdk-24.10.0/staging_dir/toolchain-x86_64_gcc-13.3.0_musl/bin/../libexec/gcc/x86_64-openwrt-linux-musl/13.3.0/collect2 -plugin /home/hanphone/openwrt-project-environment/openwrt-sdk-24.10.0/staging_dir/toolchain-x86_64_gcc-13.3.0_musl/bin/../libexec/gcc/x86_64-openwrt-linux-musl/13.3.0/liblto_plugin.so -plugin-opt=/home/hanphone/openwrt-project-environment/openwrt-sdk-24.10.0/staging_dir/toolchain-x86_64_gcc-13.3.0_musl/bin/../libexec/gcc/x86_64-openwrt-linux-musl/13.3.0/lto-wrapper -plugin-opt=-fresolution=/tmp/ccIzxCk2.res -plugin-opt=-pass-through=-lgcc_s -plugin-opt=-pass-through=-lc -plugin-opt=-pass-through=-lgcc_s --sysroot=/home/hanphone/openwrt-project-environment/openwrt-sdk-24.10.0/staging_dir/target-x86_64_musl --eh-frame-hdr -m elf_x86_64 -dynamic-linker /lib/ld-musl-x86_64.so.1 -o cmTC_925e1 /home/hanphone/openwrt-project-environment/openwrt-sdk-24.10.0/staging_dir/toolchain-x86_64_gcc-13.3.0_musl/bin/../lib/gcc/x86_64-openwrt-linux-musl/13.3.0/../../../../x86_64-openwrt-linux-musl/lib/crt1.o /home/hanphone/openwrt-project-environment/openwrt-sdk-24.10.0/staging_dir/toolchain-x86_64_gcc-13.3.0_musl/bin/../lib/gcc/x86_64-openwrt-linux-musl/13.3.0/../../../../x86_64-openwrt-linux-musl/lib/crti.o /home/hanphone/openwrt-project-environment/openwrt-sdk-24.10.0/staging_dir/toolchain-x86_64_gcc-13.3.0_musl/bin/../lib/gcc/x86_64-openwrt-linux-musl/13.3.0/crtbegin.o -L /home/hanphone/openwrt-project-environment/openwrt-sdk-24.10.0/staging_dir/usr/lib -rpath-link /home/hanphone/openwrt-project-environment/openwrt-sdk-24.10.0/staging_dir/usr/lib -L/home/hanphone/openwrt-project-environment/openwrt-sdk-24.10.0/staging_dir/toolchain-x86_64_gcc-13.3.0_musl/bin/../lib/gcc/x86_64-openwrt-linux-musl/13.3.0 -L/home/hanphone/openwrt-project-environment/openwrt-sdk-24.10.0/staging_dir/toolchain-x86_64_gcc-13.3.0_musl/bin/../lib/gcc -L/home/hanphone/openwrt-project-environment/openwrt-sdk-24.10.0/staging_dir/toolchain-x86_64_gcc-13.3.0_musl/bin/../lib/gcc/x86_64-openwrt-linux-musl/13.3.0/../../../../x86_64-openwrt-linux-musl/lib -L/home/hanphone/openwrt-project-environment/openwrt-sdk-24.10.0/staging_dir/target-x86_64_musl/usr/lib CMakeFiles/cmTC_925e1.dir/CMakeCCompilerABI.c.o -lssp_nonshared -lgcc_s -lc -lgcc_s /home/hanphone/openwrt-project-environment/openwrt-sdk-24.10.0/staging_dir/toolchain-x86_64_gcc-13.3.0_musl/bin/../lib/gcc/x86_64-openwrt-linux-musl/13.3.0/crtend.o /home/hanphone/openwrt-project-environment/openwrt-sdk-24.10.0/staging_dir/toolchain-x86_64_gcc-13.3.0_musl/bin/../lib/gcc/x86_64-openwrt-linux-musl/13.3.0/../../../../x86_64-openwrt-linux-musl/lib/crtn.o
COLLECT_GCC_OPTIONS='--sysroot=/home/hanphone/openwrt-project-environment/openwrt-sdk-24.10.0/staging_dir/target-x86_64_musl' '-v' '-o' 'cmTC_925e1' '-mtune=generic' '-march=x86-64' '-dumpdir' 'cmTC_925e1.'
gmake[1]: Leaving directory '/home/hanphone/openwrt-projects/project1/build/CMakeFiles/CMakeTmp'



Parsed C implicit include dir info from above output: rv=done
  found start of include info
  found start of implicit include info
    add: [/home/hanphone/openwrt-project-environment/openwrt-sdk-24.10.0/staging_dir/toolchain-x86_64_gcc-13.3.0_musl/bin/../lib/gcc/x86_64-openwrt-linux-musl/13.3.0/../../../../x86_64-openwrt-linux-musl/sys-include]
    add: [/home/hanphone/openwrt-project-environment/openwrt-sdk-24.10.0/staging_dir/toolchain-x86_64_gcc-13.3.0_musl/bin/../lib/gcc/x86_64-openwrt-linux-musl/13.3.0/../../../../x86_64-openwrt-linux-musl/include]
    add: [/home/hanphone/openwrt-project-environment/openwrt-sdk-24.10.0/staging_dir/toolchain-x86_64_gcc-13.3.0_musl/bin/../lib/gcc/x86_64-openwrt-linux-musl/13.3.0/include]
  end of search list found
  collapse include dir [/home/hanphone/openwrt-project-environment/openwrt-sdk-24.10.0/staging_dir/toolchain-x86_64_gcc-13.3.0_musl/bin/../lib/gcc/x86_64-openwrt-linux-musl/13.3.0/../../../../x86_64-openwrt-linux-musl/sys-include] ==> [/home/hanphone/openwrt-project-environment/openwrt-sdk-24.10.0/staging_dir/toolchain-x86_64_gcc-13.3.0_musl/x86_64-openwrt-linux-musl/sys-include]
  collapse include dir [/home/hanphone/openwrt-project-environment/openwrt-sdk-24.10.0/staging_dir/toolchain-x86_64_gcc-13.3.0_musl/bin/../lib/gcc/x86_64-openwrt-linux-musl/13.3.0/../../../../x86_64-openwrt-linux-musl/include] ==> [/home/hanphone/openwrt-project-environment/openwrt-sdk-24.10.0/staging_dir/toolchain-x86_64_gcc-13.3.0_musl/x86_64-openwrt-linux-musl/include]
  collapse include dir [/home/hanphone/openwrt-project-environment/openwrt-sdk-24.10.0/staging_dir/toolchain-x86_64_gcc-13.3.0_musl/bin/../lib/gcc/x86_64-openwrt-linux-musl/13.3.0/include] ==> [/home/hanphone/openwrt-project-environment/openwrt-sdk-24.10.0/staging_dir/toolchain-x86_64_gcc-13.3.0_musl/lib/gcc/x86_64-openwrt-linux-musl/13.3.0/include]
  implicit include dirs: [/home/hanphone/openwrt-project-environment/openwrt-sdk-24.10.0/staging_dir/toolchain-x86_64_gcc-13.3.0_musl/x86_64-openwrt-linux-musl/sys-include;/home/hanphone/openwrt-project-environment/openwrt-sdk-24.10.0/staging_dir/toolchain-x86_64_gcc-13.3.0_musl/x86_64-openwrt-linux-musl/include;/home/hanphone/openwrt-project-environment/openwrt-sdk-24.10.0/staging_dir/toolchain-x86_64_gcc-13.3.0_musl/lib/gcc/x86_64-openwrt-linux-musl/13.3.0/include]


Parsed C implicit link information from above output:
  link line regex: [^( *|.*[/\])(x86_64-openwrt-linux-ld|CMAKE_LINK_STARTFILE-NOTFOUND|([^/\]+-)?ld|collect2)[^/\]*( |$)]
  ignore line: [Change Dir: /home/hanphone/openwrt-projects/project1/build/CMakeFiles/CMakeTmp]
  ignore line: []
  ignore line: [Run Build Command(s):/usr/bin/gmake -f Makefile cmTC_925e1/fast && /usr/bin/gmake  -f CMakeFiles/cmTC_925e1.dir/build.make CMakeFiles/cmTC_925e1.dir/build]
  ignore line: [gmake[1]: Entering directory '/home/hanphone/openwrt-projects/project1/build/CMakeFiles/CMakeTmp']
  ignore line: [Building C object CMakeFiles/cmTC_925e1.dir/CMakeCCompilerABI.c.o]
  ignore line: [/home/hanphone/openwrt-project-environment/openwrt-sdk-24.10.0/staging_dir/toolchain-x86_64_gcc-13.3.0_musl/bin/x86_64-openwrt-linux-gcc --sysroot=/home/hanphone/openwrt-project-environment/openwrt-sdk-24.10.0/staging_dir/target-x86_64_musl   -v -o CMakeFiles/cmTC_925e1.dir/CMakeCCompilerABI.c.o -c /usr/share/cmake-3.22/Modules/CMakeCCompilerABI.c]
  ignore line: [Reading specs from /home/hanphone/openwrt-project-environment/openwrt-sdk-24.10.0/staging_dir/toolchain-x86_64_gcc-13.3.0_musl/bin/../lib/gcc/x86_64-openwrt-linux-musl/13.3.0/specs]
  ignore line: [COLLECT_GCC=/home/hanphone/openwrt-project-environment/openwrt-sdk-24.10.0/staging_dir/toolchain-x86_64_gcc-13.3.0_musl/bin/x86_64-openwrt-linux-gcc]
  ignore line: [Target: x86_64-openwrt-linux-musl]
  ignore line: [Configured with: /builder/shared-workdir/build/build_dir/toolchain-x86_64_gcc-13.3.0_musl/gcc-13.3.0/configure --with-bugurl=http://bugs.openwrt.org/ --with-pkgversion='OpenWrt GCC 13.3.0 r28427-6df0e3d02a' --prefix=/builder/shared-workdir/build/staging_dir/toolchain-x86_64_gcc-13.3.0_musl --build=x86_64-pc-linux-gnu --host=x86_64-pc-linux-gnu --target=x86_64-openwrt-linux-musl --with-gnu-ld --enable-target-optspace --disable-libgomp --disable-libmudflap --disable-multilib --disable-libmpx --disable-nls --disable-libssp --without-isl --without-cloog --with-host-libstdcxx=-lstdc++ --with-system-zlib=/builder/shared-workdir/build/staging_dir/host --with-zstd=/builder/shared-workdir/build/staging_dir/host --with-gmp=/builder/shared-workdir/build/staging_dir/host --with-mpfr=/builder/shared-workdir/build/staging_dir/host --with-mpc=/builder/shared-workdir/build/staging_dir/host --disable-decimal-float --with-diagnostics-color=auto-if-env --enable-__cxa_atexit --enable-libstdcxx-dual-abi --with-default-libstdcxx-abi=new CFLAGS='-O2 -I/builder/shared-workdir/build/staging_dir/host/include  -pipe' CXXFLAGS='-O2 -I/builder/shared-workdir/build/staging_dir/host/include  -pipe' 'CFLAGS_FOR_TARGET=-Os -pipe -fno-caller-saves -fno-plt -fhonour-copts -Wformat -Werror=format-security -fstack-protector -D_FORTIFY_SOURCE=1 -Wl,-z,now -Wl,-z,relro' 'CXXFLAGS_FOR_TARGET=-Os -pipe -fno-caller-saves -fno-plt -fhonour-copts -Wformat -Werror=format-security -fstack-protector -D_FORTIFY_SOURCE=1 -Wl,-z,now -Wl,-z,relro' 'GOCFLAGS_FOR_TARGET=-Os -pipe -fno-caller-saves -fno-plt -fhonour-copts -Wformat -Werror=format-security -fstack-protector -D_FORTIFY_SOURCE=1 -Wl,-z,now -Wl,-z,relro' --with-headers=/builder/shared-workdir/build/staging_dir/toolchain-x86_64_gcc-13.3.0_musl/include --enable-languages=c,c++ --enable-shared --enable-threads --with-slibdir=/builder/shared-workdir/build/staging_dir/toolchain-x86_64_gcc-13.3.0_musl/lib --enable-plugins --enable-lto --with-libelf=/builder/shared-workdir/build/staging_dir/host --disable-libsanitizer]
  ignore line: [Thread model: posix]
  ignore line: [Supported LTO compression algorithms: zlib zstd]
  ignore line: [gcc version 13.3.0 (OpenWrt GCC 13.3.0 r28427-6df0e3d02a) ]
  ignore line: [COLLECT_GCC_OPTIONS='--sysroot=/home/hanphone/openwrt-project-environment/openwrt-sdk-24.10.0/staging_dir/target-x86_64_musl' '-v' '-o' 'CMakeFiles/cmTC_925e1.dir/CMakeCCompilerABI.c.o' '-c' '-mtune=generic' '-march=x86-64' '-dumpdir' 'CMakeFiles/cmTC_925e1.dir/']
  ignore line: [ /home/hanphone/openwrt-project-environment/openwrt-sdk-24.10.0/staging_dir/toolchain-x86_64_gcc-13.3.0_musl/bin/../libexec/gcc/x86_64-openwrt-linux-musl/13.3.0/cc1 -quiet -v -iprefix /home/hanphone/openwrt-project-environment/openwrt-sdk-24.10.0/staging_dir/toolchain-x86_64_gcc-13.3.0_musl/bin/../lib/gcc/x86_64-openwrt-linux-musl/13.3.0/ -isysroot /home/hanphone/openwrt-project-environment/openwrt-sdk-24.10.0/staging_dir/target-x86_64_musl -idirafter /home/hanphone/openwrt-project-environment/openwrt-sdk-24.10.0/staging_dir/usr/include /usr/share/cmake-3.22/Modules/CMakeCCompilerABI.c -quiet -dumpdir CMakeFiles/cmTC_925e1.dir/ -dumpbase CMakeCCompilerABI.c.c -dumpbase-ext .c -mtune=generic -march=x86-64 -version -o /tmp/cc1oxtVk.s]
  ignore line: [GNU C17 (OpenWrt GCC 13.3.0 r28427-6df0e3d02a) version 13.3.0 (x86_64-openwrt-linux-musl)]
  ignore line: [	compiled by GNU C version 10.2.1 20210110  GMP version 6.3.0  MPFR version 4.2.1  MPC version 1.3.1  isl version none]
  ignore line: [GGC heuristics: --param ggc-min-expand=100 --param ggc-min-heapsize=131072]
  ignore line: [ignoring duplicate directory "/home/hanphone/openwrt-project-environment/openwrt-sdk-24.10.0/staging_dir/toolchain-x86_64_gcc-13.3.0_musl/bin/../lib/gcc/../../lib/gcc/x86_64-openwrt-linux-musl/13.3.0/../../../../x86_64-openwrt-linux-musl/sys-include"]
  ignore line: [ignoring duplicate directory "/home/hanphone/openwrt-project-environment/openwrt-sdk-24.10.0/staging_dir/toolchain-x86_64_gcc-13.3.0_musl/bin/../lib/gcc/../../lib/gcc/x86_64-openwrt-linux-musl/13.3.0/../../../../x86_64-openwrt-linux-musl/include"]
  ignore line: [ignoring duplicate directory "/home/hanphone/openwrt-project-environment/openwrt-sdk-24.10.0/staging_dir/toolchain-x86_64_gcc-13.3.0_musl/bin/../lib/gcc/../../lib/gcc/x86_64-openwrt-linux-musl/13.3.0/include"]
  ignore line: [ignoring nonexistent directory "/home/hanphone/openwrt-project-environment/openwrt-sdk-24.10.0/staging_dir/usr/include"]
  ignore line: [#include "..." search starts here:]
  ignore line: [#include <...> search starts here:]
  ignore line: [ /home/hanphone/openwrt-project-environment/openwrt-sdk-24.10.0/staging_dir/toolchain-x86_64_gcc-13.3.0_musl/bin/../lib/gcc/x86_64-openwrt-linux-musl/13.3.0/../../../../x86_64-openwrt-linux-musl/sys-include]
  ignore line: [ /home/hanphone/openwrt-project-environment/openwrt-sdk-24.10.0/staging_dir/toolchain-x86_64_gcc-13.3.0_musl/bin/../lib/gcc/x86_64-openwrt-linux-musl/13.3.0/../../../../x86_64-openwrt-linux-musl/include]
  ignore line: [ /home/hanphone/openwrt-project-environment/openwrt-sdk-24.10.0/staging_dir/toolchain-x86_64_gcc-13.3.0_musl/bin/../lib/gcc/x86_64-openwrt-linux-musl/13.3.0/include]
  ignore line: [End of search list.]
  ignore line: [Compiler executable checksum: b9f5e7dba3b7ff393ab87e1003663754]
  ignore line: [COLLECT_GCC_OPTIONS='--sysroot=/home/hanphone/openwrt-project-environment/openwrt-sdk-24.10.0/staging_dir/target-x86_64_musl' '-v' '-o' 'CMakeFiles/cmTC_925e1.dir/CMakeCCompilerABI.c.o' '-c' '-mtune=generic' '-march=x86-64' '-dumpdir' 'CMakeFiles/cmTC_925e1.dir/']
  ignore line: [ /home/hanphone/openwrt-project-environment/openwrt-sdk-24.10.0/staging_dir/toolchain-x86_64_gcc-13.3.0_musl/bin/../lib/gcc/x86_64-openwrt-linux-musl/13.3.0/../../../../x86_64-openwrt-linux-musl/bin/as -v --64 -o CMakeFiles/cmTC_925e1.dir/CMakeCCompilerABI.c.o /tmp/cc1oxtVk.s]
  ignore line: [GNU assembler version 2.42 (x86_64-openwrt-linux-musl) using BFD version (GNU Binutils) 2.42]
  ignore line: [COMPILER_PATH=/home/hanphone/openwrt-project-environment/openwrt-sdk-24.10.0/staging_dir/toolchain-x86_64_gcc-13.3.0_musl/bin/../libexec/gcc/x86_64-openwrt-linux-musl/13.3.0/:/home/hanphone/openwrt-project-environment/openwrt-sdk-24.10.0/staging_dir/toolchain-x86_64_gcc-13.3.0_musl/bin/../libexec/gcc/:/home/hanphone/openwrt-project-environment/openwrt-sdk-24.10.0/staging_dir/toolchain-x86_64_gcc-13.3.0_musl/bin/../lib/gcc/x86_64-openwrt-linux-musl/13.3.0/../../../../x86_64-openwrt-linux-musl/bin/]
  ignore line: [LIBRARY_PATH=/home/hanphone/openwrt-project-environment/openwrt-sdk-24.10.0/staging_dir/toolchain-x86_64_gcc-13.3.0_musl/bin/../lib/gcc/x86_64-openwrt-linux-musl/13.3.0/:/home/hanphone/openwrt-project-environment/openwrt-sdk-24.10.0/staging_dir/toolchain-x86_64_gcc-13.3.0_musl/bin/../lib/gcc/:/home/hanphone/openwrt-project-environment/openwrt-sdk-24.10.0/staging_dir/toolchain-x86_64_gcc-13.3.0_musl/bin/../lib/gcc/x86_64-openwrt-linux-musl/13.3.0/../../../../x86_64-openwrt-linux-musl/lib/:/home/hanphone/openwrt-project-environment/openwrt-sdk-24.10.0/staging_dir/target-x86_64_musl/usr/lib/]
  ignore line: [COLLECT_GCC_OPTIONS='--sysroot=/home/hanphone/openwrt-project-environment/openwrt-sdk-24.10.0/staging_dir/target-x86_64_musl' '-v' '-o' 'CMakeFiles/cmTC_925e1.dir/CMakeCCompilerABI.c.o' '-c' '-mtune=generic' '-march=x86-64' '-dumpdir' 'CMakeFiles/cmTC_925e1.dir/CMakeCCompilerABI.c.']
  ignore line: [Linking C executable cmTC_925e1]
  ignore line: [/usr/bin/cmake -E cmake_link_script CMakeFiles/cmTC_925e1.dir/link.txt --verbose=1]
  ignore line: [/home/hanphone/openwrt-project-environment/openwrt-sdk-24.10.0/staging_dir/toolchain-x86_64_gcc-13.3.0_musl/bin/x86_64-openwrt-linux-gcc --sysroot=/home/hanphone/openwrt-project-environment/openwrt-sdk-24.10.0/staging_dir/target-x86_64_musl  -v CMakeFiles/cmTC_925e1.dir/CMakeCCompilerABI.c.o -o cmTC_925e1 ]
  ignore line: [Reading specs from /home/hanphone/openwrt-project-environment/openwrt-sdk-24.10.0/staging_dir/toolchain-x86_64_gcc-13.3.0_musl/bin/../lib/gcc/x86_64-openwrt-linux-musl/13.3.0/specs]
  ignore line: [COLLECT_GCC=/home/hanphone/openwrt-project-environment/openwrt-sdk-24.10.0/staging_dir/toolchain-x86_64_gcc-13.3.0_musl/bin/x86_64-openwrt-linux-gcc]
  ignore line: [COLLECT_LTO_WRAPPER=/home/hanphone/openwrt-project-environment/openwrt-sdk-24.10.0/staging_dir/toolchain-x86_64_gcc-13.3.0_musl/bin/../libexec/gcc/x86_64-openwrt-linux-musl/13.3.0/lto-wrapper]
  ignore line: [Target: x86_64-openwrt-linux-musl]
  ignore line: [Configured with: /builder/shared-workdir/build/build_dir/toolchain-x86_64_gcc-13.3.0_musl/gcc-13.3.0/configure --with-bugurl=http://bugs.openwrt.org/ --with-pkgversion='OpenWrt GCC 13.3.0 r28427-6df0e3d02a' --prefix=/builder/shared-workdir/build/staging_dir/toolchain-x86_64_gcc-13.3.0_musl --build=x86_64-pc-linux-gnu --host=x86_64-pc-linux-gnu --target=x86_64-openwrt-linux-musl --with-gnu-ld --enable-target-optspace --disable-libgomp --disable-libmudflap --disable-multilib --disable-libmpx --disable-nls --disable-libssp --without-isl --without-cloog --with-host-libstdcxx=-lstdc++ --with-system-zlib=/builder/shared-workdir/build/staging_dir/host --with-zstd=/builder/shared-workdir/build/staging_dir/host --with-gmp=/builder/shared-workdir/build/staging_dir/host --with-mpfr=/builder/shared-workdir/build/staging_dir/host --with-mpc=/builder/shared-workdir/build/staging_dir/host --disable-decimal-float --with-diagnostics-color=auto-if-env --enable-__cxa_atexit --enable-libstdcxx-dual-abi --with-default-libstdcxx-abi=new CFLAGS='-O2 -I/builder/shared-workdir/build/staging_dir/host/include  -pipe' CXXFLAGS='-O2 -I/builder/shared-workdir/build/staging_dir/host/include  -pipe' 'CFLAGS_FOR_TARGET=-Os -pipe -fno-caller-saves -fno-plt -fhonour-copts -Wformat -Werror=format-security -fstack-protector -D_FORTIFY_SOURCE=1 -Wl,-z,now -Wl,-z,relro' 'CXXFLAGS_FOR_TARGET=-Os -pipe -fno-caller-saves -fno-plt -fhonour-copts -Wformat -Werror=format-security -fstack-protector -D_FORTIFY_SOURCE=1 -Wl,-z,now -Wl,-z,relro' 'GOCFLAGS_FOR_TARGET=-Os -pipe -fno-caller-saves -fno-plt -fhonour-copts -Wformat -Werror=format-security -fstack-protector -D_FORTIFY_SOURCE=1 -Wl,-z,now -Wl,-z,relro' --with-headers=/builder/shared-workdir/build/staging_dir/toolchain-x86_64_gcc-13.3.0_musl/include --enable-languages=c,c++ --enable-shared --enable-threads --with-slibdir=/builder/shared-workdir/build/staging_dir/toolchain-x86_64_gcc-13.3.0_musl/lib --enable-plugins --enable-lto --with-libelf=/builder/shared-workdir/build/staging_dir/host --disable-libsanitizer]
  ignore line: [Thread model: posix]
  ignore line: [Supported LTO compression algorithms: zlib zstd]
  ignore line: [gcc version 13.3.0 (OpenWrt GCC 13.3.0 r28427-6df0e3d02a) ]
  ignore line: [COMPILER_PATH=/home/hanphone/openwrt-project-environment/openwrt-sdk-24.10.0/staging_dir/toolchain-x86_64_gcc-13.3.0_musl/bin/../libexec/gcc/x86_64-openwrt-linux-musl/13.3.0/:/home/hanphone/openwrt-project-environment/openwrt-sdk-24.10.0/staging_dir/toolchain-x86_64_gcc-13.3.0_musl/bin/../libexec/gcc/:/home/hanphone/openwrt-project-environment/openwrt-sdk-24.10.0/staging_dir/toolchain-x86_64_gcc-13.3.0_musl/bin/../lib/gcc/x86_64-openwrt-linux-musl/13.3.0/../../../../x86_64-openwrt-linux-musl/bin/]
  ignore line: [LIBRARY_PATH=/home/hanphone/openwrt-project-environment/openwrt-sdk-24.10.0/staging_dir/toolchain-x86_64_gcc-13.3.0_musl/bin/../lib/gcc/x86_64-openwrt-linux-musl/13.3.0/:/home/hanphone/openwrt-project-environment/openwrt-sdk-24.10.0/staging_dir/toolchain-x86_64_gcc-13.3.0_musl/bin/../lib/gcc/:/home/hanphone/openwrt-project-environment/openwrt-sdk-24.10.0/staging_dir/toolchain-x86_64_gcc-13.3.0_musl/bin/../lib/gcc/x86_64-openwrt-linux-musl/13.3.0/../../../../x86_64-openwrt-linux-musl/lib/:/home/hanphone/openwrt-project-environment/openwrt-sdk-24.10.0/staging_dir/target-x86_64_musl/usr/lib/]
  ignore line: [COLLECT_GCC_OPTIONS='--sysroot=/home/hanphone/openwrt-project-environment/openwrt-sdk-24.10.0/staging_dir/target-x86_64_musl' '-v' '-o' 'cmTC_925e1' '-mtune=generic' '-march=x86-64' '-dumpdir' 'cmTC_925e1.']
  link line: [ /home/hanphone/openwrt-project-environment/openwrt-sdk-24.10.0/staging_dir/toolchain-x86_64_gcc-13.3.0_musl/bin/../libexec/gcc/x86_64-openwrt-linux-musl/13.3.0/collect2 -plugin /home/hanphone/openwrt-project-environment/openwrt-sdk-24.10.0/staging_dir/toolchain-x86_64_gcc-13.3.0_musl/bin/../libexec/gcc/x86_64-openwrt-linux-musl/13.3.0/liblto_plugin.so -plugin-opt=/home/hanphone/openwrt-project-environment/openwrt-sdk-24.10.0/staging_dir/toolchain-x86_64_gcc-13.3.0_musl/bin/../libexec/gcc/x86_64-openwrt-linux-musl/13.3.0/lto-wrapper -plugin-opt=-fresolution=/tmp/ccIzxCk2.res -plugin-opt=-pass-through=-lgcc_s -plugin-opt=-pass-through=-lc -plugin-opt=-pass-through=-lgcc_s --sysroot=/home/hanphone/openwrt-project-environment/openwrt-sdk-24.10.0/staging_dir/target-x86_64_musl --eh-frame-hdr -m elf_x86_64 -dynamic-linker /lib/ld-musl-x86_64.so.1 -o cmTC_925e1 /home/hanphone/openwrt-project-environment/openwrt-sdk-24.10.0/staging_dir/toolchain-x86_64_gcc-13.3.0_musl/bin/../lib/gcc/x86_64-openwrt-linux-musl/13.3.0/../../../../x86_64-openwrt-linux-musl/lib/crt1.o /home/hanphone/openwrt-project-environment/openwrt-sdk-24.10.0/staging_dir/toolchain-x86_64_gcc-13.3.0_musl/bin/../lib/gcc/x86_64-openwrt-linux-musl/13.3.0/../../../../x86_64-openwrt-linux-musl/lib/crti.o /home/hanphone/openwrt-project-environment/openwrt-sdk-24.10.0/staging_dir/toolchain-x86_64_gcc-13.3.0_musl/bin/../lib/gcc/x86_64-openwrt-linux-musl/13.3.0/crtbegin.o -L /home/hanphone/openwrt-project-environment/openwrt-sdk-24.10.0/staging_dir/usr/lib -rpath-link /home/hanphone/openwrt-project-environment/openwrt-sdk-24.10.0/staging_dir/usr/lib -L/home/hanphone/openwrt-project-environment/openwrt-sdk-24.10.0/staging_dir/toolchain-x86_64_gcc-13.3.0_musl/bin/../lib/gcc/x86_64-openwrt-linux-musl/13.3.0 -L/home/hanphone/openwrt-project-environment/openwrt-sdk-24.10.0/staging_dir/toolchain-x86_64_gcc-13.3.0_musl/bin/../lib/gcc -L/home/hanphone/openwrt-project-environment/openwrt-sdk-24.10.0/staging_dir/toolchain-x86_64_gcc-13.3.0_musl/bin/../lib/gcc/x86_64-openwrt-linux-musl/13.3.0/../../../../x86_64-openwrt-linux-musl/lib -L/home/hanphone/openwrt-project-environment/openwrt-sdk-24.10.0/staging_dir/target-x86_64_musl/usr/lib CMakeFiles/cmTC_925e1.dir/CMakeCCompilerABI.c.o -lssp_nonshared -lgcc_s -lc -lgcc_s /home/hanphone/openwrt-project-environment/openwrt-sdk-24.10.0/staging_dir/toolchain-x86_64_gcc-13.3.0_musl/bin/../lib/gcc/x86_64-openwrt-linux-musl/13.3.0/crtend.o /home/hanphone/openwrt-project-environment/openwrt-sdk-24.10.0/staging_dir/toolchain-x86_64_gcc-13.3.0_musl/bin/../lib/gcc/x86_64-openwrt-linux-musl/13.3.0/../../../../x86_64-openwrt-linux-musl/lib/crtn.o]
    arg [/home/hanphone/openwrt-project-environment/openwrt-sdk-24.10.0/staging_dir/toolchain-x86_64_gcc-13.3.0_musl/bin/../libexec/gcc/x86_64-openwrt-linux-musl/13.3.0/collect2] ==> ignore
    arg [-plugin] ==> ignore
    arg [/home/hanphone/openwrt-project-environment/openwrt-sdk-24.10.0/staging_dir/toolchain-x86_64_gcc-13.3.0_musl/bin/../libexec/gcc/x86_64-openwrt-linux-musl/13.3.0/liblto_plugin.so] ==> ignore
    arg [-plugin-opt=/home/hanphone/openwrt-project-environment/openwrt-sdk-24.10.0/staging_dir/toolchain-x86_64_gcc-13.3.0_musl/bin/../libexec/gcc/x86_64-openwrt-linux-musl/13.3.0/lto-wrapper] ==> ignore
    arg [-plugin-opt=-fresolution=/tmp/ccIzxCk2.res] ==> ignore
    arg [-plugin-opt=-pass-through=-lgcc_s] ==> ignore
    arg [-plugin-opt=-pass-through=-lc] ==> ignore
    arg [-plugin-opt=-pass-through=-lgcc_s] ==> ignore
    arg [--sysroot=/home/hanphone/openwrt-project-environment/openwrt-sdk-24.10.0/staging_dir/target-x86_64_musl] ==> ignore
    arg [--eh-frame-hdr] ==> ignore
    arg [-m] ==> ignore
    arg [elf_x86_64] ==> ignore
    arg [-dynamic-linker] ==> ignore
    arg [/lib/ld-musl-x86_64.so.1] ==> ignore
    arg [-o] ==> ignore
    arg [cmTC_925e1] ==> ignore
    arg [/home/hanphone/openwrt-project-environment/openwrt-sdk-24.10.0/staging_dir/toolchain-x86_64_gcc-13.3.0_musl/bin/../lib/gcc/x86_64-openwrt-linux-musl/13.3.0/../../../../x86_64-openwrt-linux-musl/lib/crt1.o] ==> obj [/home/hanphone/openwrt-project-environment/openwrt-sdk-24.10.0/staging_dir/toolchain-x86_64_gcc-13.3.0_musl/bin/../lib/gcc/x86_64-openwrt-linux-musl/13.3.0/../../../../x86_64-openwrt-linux-musl/lib/crt1.o]
    arg [/home/hanphone/openwrt-project-environment/openwrt-sdk-24.10.0/staging_dir/toolchain-x86_64_gcc-13.3.0_musl/bin/../lib/gcc/x86_64-openwrt-linux-musl/13.3.0/../../../../x86_64-openwrt-linux-musl/lib/crti.o] ==> obj [/home/hanphone/openwrt-project-environment/openwrt-sdk-24.10.0/staging_dir/toolchain-x86_64_gcc-13.3.0_musl/bin/../lib/gcc/x86_64-openwrt-linux-musl/13.3.0/../../../../x86_64-openwrt-linux-musl/lib/crti.o]
    arg [/home/hanphone/openwrt-project-environment/openwrt-sdk-24.10.0/staging_dir/toolchain-x86_64_gcc-13.3.0_musl/bin/../lib/gcc/x86_64-openwrt-linux-musl/13.3.0/crtbegin.o] ==> obj [/home/hanphone/openwrt-project-environment/openwrt-sdk-24.10.0/staging_dir/toolchain-x86_64_gcc-13.3.0_musl/bin/../lib/gcc/x86_64-openwrt-linux-musl/13.3.0/crtbegin.o]
    arg [-L/home/hanphone/openwrt-project-environment/openwrt-sdk-24.10.0/staging_dir/usr/lib] ==> dir [/home/hanphone/openwrt-project-environment/openwrt-sdk-24.10.0/staging_dir/usr/lib]
    arg [-rpath-link] ==> ignore
    arg [/home/hanphone/openwrt-project-environment/openwrt-sdk-24.10.0/staging_dir/usr/lib] ==> ignore
    arg [-L/home/hanphone/openwrt-project-environment/openwrt-sdk-24.10.0/staging_dir/toolchain-x86_64_gcc-13.3.0_musl/bin/../lib/gcc/x86_64-openwrt-linux-musl/13.3.0] ==> dir [/home/hanphone/openwrt-project-environment/openwrt-sdk-24.10.0/staging_dir/toolchain-x86_64_gcc-13.3.0_musl/bin/../lib/gcc/x86_64-openwrt-linux-musl/13.3.0]
    arg [-L/home/hanphone/openwrt-project-environment/openwrt-sdk-24.10.0/staging_dir/toolchain-x86_64_gcc-13.3.0_musl/bin/../lib/gcc] ==> dir [/home/hanphone/openwrt-project-environment/openwrt-sdk-24.10.0/staging_dir/toolchain-x86_64_gcc-13.3.0_musl/bin/../lib/gcc]
    arg [-L/home/hanphone/openwrt-project-environment/openwrt-sdk-24.10.0/staging_dir/toolchain-x86_64_gcc-13.3.0_musl/bin/../lib/gcc/x86_64-openwrt-linux-musl/13.3.0/../../../../x86_64-openwrt-linux-musl/lib] ==> dir [/home/hanphone/openwrt-project-environment/openwrt-sdk-24.10.0/staging_dir/toolchain-x86_64_gcc-13.3.0_musl/bin/../lib/gcc/x86_64-openwrt-linux-musl/13.3.0/../../../../x86_64-openwrt-linux-musl/lib]
    arg [-L/home/hanphone/openwrt-project-environment/openwrt-sdk-24.10.0/staging_dir/target-x86_64_musl/usr/lib] ==> dir [/home/hanphone/openwrt-project-environment/openwrt-sdk-24.10.0/staging_dir/target-x86_64_musl/usr/lib]
    arg [CMakeFiles/cmTC_925e1.dir/CMakeCCompilerABI.c.o] ==> ignore
    arg [-lssp_nonshared] ==> lib [ssp_nonshared]
    arg [-lgcc_s] ==> lib [gcc_s]
    arg [-lc] ==> lib [c]
    arg [-lgcc_s] ==> lib [gcc_s]
    arg [/home/hanphone/openwrt-project-environment/openwrt-sdk-24.10.0/staging_dir/toolchain-x86_64_gcc-13.3.0_musl/bin/../lib/gcc/x86_64-openwrt-linux-musl/13.3.0/crtend.o] ==> obj [/home/hanphone/openwrt-project-environment/openwrt-sdk-24.10.0/staging_dir/toolchain-x86_64_gcc-13.3.0_musl/bin/../lib/gcc/x86_64-openwrt-linux-musl/13.3.0/crtend.o]
    arg [/home/hanphone/openwrt-project-environment/openwrt-sdk-24.10.0/staging_dir/toolchain-x86_64_gcc-13.3.0_musl/bin/../lib/gcc/x86_64-openwrt-linux-musl/13.3.0/../../../../x86_64-openwrt-linux-musl/lib/crtn.o] ==> obj [/home/hanphone/openwrt-project-environment/openwrt-sdk-24.10.0/staging_dir/toolchain-x86_64_gcc-13.3.0_musl/bin/../lib/gcc/x86_64-openwrt-linux-musl/13.3.0/../../../../x86_64-openwrt-linux-musl/lib/crtn.o]
  collapse obj [/home/hanphone/openwrt-project-environment/openwrt-sdk-24.10.0/staging_dir/toolchain-x86_64_gcc-13.3.0_musl/bin/../lib/gcc/x86_64-openwrt-linux-musl/13.3.0/../../../../x86_64-openwrt-linux-musl/lib/crt1.o] ==> [/home/hanphone/openwrt-project-environment/openwrt-sdk-24.10.0/staging_dir/toolchain-x86_64_gcc-13.3.0_musl/x86_64-openwrt-linux-musl/lib/crt1.o]
  collapse obj [/home/hanphone/openwrt-project-environment/openwrt-sdk-24.10.0/staging_dir/toolchain-x86_64_gcc-13.3.0_musl/bin/../lib/gcc/x86_64-openwrt-linux-musl/13.3.0/../../../../x86_64-openwrt-linux-musl/lib/crti.o] ==> [/home/hanphone/openwrt-project-environment/openwrt-sdk-24.10.0/staging_dir/toolchain-x86_64_gcc-13.3.0_musl/x86_64-openwrt-linux-musl/lib/crti.o]
  collapse obj [/home/hanphone/openwrt-project-environment/openwrt-sdk-24.10.0/staging_dir/toolchain-x86_64_gcc-13.3.0_musl/bin/../lib/gcc/x86_64-openwrt-linux-musl/13.3.0/crtbegin.o] ==> [/home/hanphone/openwrt-project-environment/openwrt-sdk-24.10.0/staging_dir/toolchain-x86_64_gcc-13.3.0_musl/lib/gcc/x86_64-openwrt-linux-musl/13.3.0/crtbegin.o]
  collapse obj [/home/hanphone/openwrt-project-environment/openwrt-sdk-24.10.0/staging_dir/toolchain-x86_64_gcc-13.3.0_musl/bin/../lib/gcc/x86_64-openwrt-linux-musl/13.3.0/crtend.o] ==> [/home/hanphone/openwrt-project-environment/openwrt-sdk-24.10.0/staging_dir/toolchain-x86_64_gcc-13.3.0_musl/lib/gcc/x86_64-openwrt-linux-musl/13.3.0/crtend.o]
  collapse obj [/home/hanphone/openwrt-project-environment/openwrt-sdk-24.10.0/staging_dir/toolchain-x86_64_gcc-13.3.0_musl/bin/../lib/gcc/x86_64-openwrt-linux-musl/13.3.0/../../../../x86_64-openwrt-linux-musl/lib/crtn.o] ==> [/home/hanphone/openwrt-project-environment/openwrt-sdk-24.10.0/staging_dir/toolchain-x86_64_gcc-13.3.0_musl/x86_64-openwrt-linux-musl/lib/crtn.o]
  collapse library dir [/home/hanphone/openwrt-project-environment/openwrt-sdk-24.10.0/staging_dir/usr/lib] ==> [/home/hanphone/openwrt-project-environment/openwrt-sdk-24.10.0/staging_dir/usr/lib]
  collapse library dir [/home/hanphone/openwrt-project-environment/openwrt-sdk-24.10.0/staging_dir/toolchain-x86_64_gcc-13.3.0_musl/bin/../lib/gcc/x86_64-openwrt-linux-musl/13.3.0] ==> [/home/hanphone/openwrt-project-environment/openwrt-sdk-24.10.0/staging_dir/toolchain-x86_64_gcc-13.3.0_musl/lib/gcc/x86_64-openwrt-linux-musl/13.3.0]
  collapse library dir [/home/hanphone/openwrt-project-environment/openwrt-sdk-24.10.0/staging_dir/toolchain-x86_64_gcc-13.3.0_musl/bin/../lib/gcc] ==> [/home/hanphone/openwrt-project-environment/openwrt-sdk-24.10.0/staging_dir/toolchain-x86_64_gcc-13.3.0_musl/lib/gcc]
  collapse library dir [/home/hanphone/openwrt-project-environment/openwrt-sdk-24.10.0/staging_dir/toolchain-x86_64_gcc-13.3.0_musl/bin/../lib/gcc/x86_64-openwrt-linux-musl/13.3.0/../../../../x86_64-openwrt-linux-musl/lib] ==> [/home/hanphone/openwrt-project-environment/openwrt-sdk-24.10.0/staging_dir/toolchain-x86_64_gcc-13.3.0_musl/x86_64-openwrt-linux-musl/lib]
  collapse library dir [/home/hanphone/openwrt-project-environment/openwrt-sdk-24.10.0/staging_dir/target-x86_64_musl/usr/lib] ==> [/home/hanphone/openwrt-project-environment/openwrt-sdk-24.10.0/staging_dir/target-x86_64_musl/usr/lib]
  implicit libs: [ssp_nonshared;gcc_s;c;gcc_s]
  implicit objs: [/home/hanphone/openwrt-project-environment/openwrt-sdk-24.10.0/staging_dir/toolchain-x86_64_gcc-13.3.0_musl/x86_64-openwrt-linux-musl/lib/crt1.o;/home/hanphone/openwrt-project-environment/openwrt-sdk-24.10.0/staging_dir/toolchain-x86_64_gcc-13.3.0_musl/x86_64-openwrt-linux-musl/lib/crti.o;/home/hanphone/openwrt-project-environment/openwrt-sdk-24.10.0/staging_dir/toolchain-x86_64_gcc-13.3.0_musl/lib/gcc/x86_64-openwrt-linux-musl/13.3.0/crtbegin.o;/home/hanphone/openwrt-project-environment/openwrt-sdk-24.10.0/staging_dir/toolchain-x86_64_gcc-13.3.0_musl/lib/gcc/x86_64-openwrt-linux-musl/13.3.0/crtend.o;/home/hanphone/openwrt-project-environment/openwrt-sdk-24.10.0/staging_dir/toolchain-x86_64_gcc-13.3.0_musl/x86_64-openwrt-linux-musl/lib/crtn.o]
  implicit dirs: [/home/hanphone/openwrt-project-environment/openwrt-sdk-24.10.0/staging_dir/usr/lib;/home/hanphone/openwrt-project-environment/openwrt-sdk-24.10.0/staging_dir/toolchain-x86_64_gcc-13.3.0_musl/lib/gcc/x86_64-openwrt-linux-musl/13.3.0;/home/hanphone/openwrt-project-environment/openwrt-sdk-24.10.0/staging_dir/toolchain-x86_64_gcc-13.3.0_musl/lib/gcc;/home/hanphone/openwrt-project-environment/openwrt-sdk-24.10.0/staging_dir/toolchain-x86_64_gcc-13.3.0_musl/x86_64-openwrt-linux-musl/lib;/home/hanphone/openwrt-project-environment/openwrt-sdk-24.10.0/staging_dir/target-x86_64_musl/usr/lib]
  implicit fwks: []


Detecting CXX compiler ABI info compiled with the following output:
Change Dir: /home/hanphone/openwrt-projects/project1/build/CMakeFiles/CMakeTmp

Run Build Command(s):/usr/bin/gmake -f Makefile cmTC_15ac0/fast && /usr/bin/gmake  -f CMakeFiles/cmTC_15ac0.dir/build.make CMakeFiles/cmTC_15ac0.dir/build
gmake[1]: Entering directory '/home/hanphone/openwrt-projects/project1/build/CMakeFiles/CMakeTmp'
Building CXX object CMakeFiles/cmTC_15ac0.dir/CMakeCXXCompilerABI.cpp.o
/home/hanphone/openwrt-project-environment/openwrt-sdk-24.10.0/staging_dir/toolchain-x86_64_gcc-13.3.0_musl/bin/x86_64-openwrt-linux-g++ --sysroot=/home/hanphone/openwrt-project-environment/openwrt-sdk-24.10.0/staging_dir/target-x86_64_musl   -v -o CMakeFiles/cmTC_15ac0.dir/CMakeCXXCompilerABI.cpp.o -c /usr/share/cmake-3.22/Modules/CMakeCXXCompilerABI.cpp
Reading specs from /home/hanphone/openwrt-project-environment/openwrt-sdk-24.10.0/staging_dir/toolchain-x86_64_gcc-13.3.0_musl/bin/../lib/gcc/x86_64-openwrt-linux-musl/13.3.0/specs
COLLECT_GCC=/home/hanphone/openwrt-project-environment/openwrt-sdk-24.10.0/staging_dir/toolchain-x86_64_gcc-13.3.0_musl/bin/x86_64-openwrt-linux-g++
Target: x86_64-openwrt-linux-musl
Configured with: /builder/shared-workdir/build/build_dir/toolchain-x86_64_gcc-13.3.0_musl/gcc-13.3.0/configure --with-bugurl=http://bugs.openwrt.org/ --with-pkgversion='OpenWrt GCC 13.3.0 r28427-6df0e3d02a' --prefix=/builder/shared-workdir/build/staging_dir/toolchain-x86_64_gcc-13.3.0_musl --build=x86_64-pc-linux-gnu --host=x86_64-pc-linux-gnu --target=x86_64-openwrt-linux-musl --with-gnu-ld --enable-target-optspace --disable-libgomp --disable-libmudflap --disable-multilib --disable-libmpx --disable-nls --disable-libssp --without-isl --without-cloog --with-host-libstdcxx=-lstdc++ --with-system-zlib=/builder/shared-workdir/build/staging_dir/host --with-zstd=/builder/shared-workdir/build/staging_dir/host --with-gmp=/builder/shared-workdir/build/staging_dir/host --with-mpfr=/builder/shared-workdir/build/staging_dir/host --with-mpc=/builder/shared-workdir/build/staging_dir/host --disable-decimal-float --with-diagnostics-color=auto-if-env --enable-__cxa_atexit --enable-libstdcxx-dual-abi --with-default-libstdcxx-abi=new CFLAGS='-O2 -I/builder/shared-workdir/build/staging_dir/host/include  -pipe' CXXFLAGS='-O2 -I/builder/shared-workdir/build/staging_dir/host/include  -pipe' 'CFLAGS_FOR_TARGET=-Os -pipe -fno-caller-saves -fno-plt -fhonour-copts -Wformat -Werror=format-security -fstack-protector -D_FORTIFY_SOURCE=1 -Wl,-z,now -Wl,-z,relro' 'CXXFLAGS_FOR_TARGET=-Os -pipe -fno-caller-saves -fno-plt -fhonour-copts -Wformat -Werror=format-security -fstack-protector -D_FORTIFY_SOURCE=1 -Wl,-z,now -Wl,-z,relro' 'GOCFLAGS_FOR_TARGET=-Os -pipe -fno-caller-saves -fno-plt -fhonour-copts -Wformat -Werror=format-security -fstack-protector -D_FORTIFY_SOURCE=1 -Wl,-z,now -Wl,-z,relro' --with-headers=/builder/shared-workdir/build/staging_dir/toolchain-x86_64_gcc-13.3.0_musl/include --enable-languages=c,c++ --enable-shared --enable-threads --with-slibdir=/builder/shared-workdir/build/staging_dir/toolchain-x86_64_gcc-13.3.0_musl/lib --enable-plugins --enable-lto --with-libelf=/builder/shared-workdir/build/staging_dir/host --disable-libsanitizer
Thread model: posix
Supported LTO compression algorithms: zlib zstd
gcc version 13.3.0 (OpenWrt GCC 13.3.0 r28427-6df0e3d02a) 
COLLECT_GCC_OPTIONS='--sysroot=/home/hanphone/openwrt-project-environment/openwrt-sdk-24.10.0/staging_dir/target-x86_64_musl' '-v' '-o' 'CMakeFiles/cmTC_15ac0.dir/CMakeCXXCompilerABI.cpp.o' '-c' '-shared-libgcc' '-mtune=generic' '-march=x86-64' '-dumpdir' 'CMakeFiles/cmTC_15ac0.dir/'
 /home/hanphone/openwrt-project-environment/openwrt-sdk-24.10.0/staging_dir/toolchain-x86_64_gcc-13.3.0_musl/bin/../libexec/gcc/x86_64-openwrt-linux-musl/13.3.0/cc1plus -quiet -v -iprefix /home/hanphone/openwrt-project-environment/openwrt-sdk-24.10.0/staging_dir/toolchain-x86_64_gcc-13.3.0_musl/bin/../lib/gcc/x86_64-openwrt-linux-musl/13.3.0/ -isysroot /home/hanphone/openwrt-project-environment/openwrt-sdk-24.10.0/staging_dir/target-x86_64_musl -D_GNU_SOURCE -idirafter /home/hanphone/openwrt-project-environment/openwrt-sdk-24.10.0/staging_dir/usr/include /usr/share/cmake-3.22/Modules/CMakeCXXCompilerABI.cpp -quiet -dumpdir CMakeFiles/cmTC_15ac0.dir/ -dumpbase CMakeCXXCompilerABI.cpp.cpp -dumpbase-ext .cpp -mtune=generic -march=x86-64 -version -o /tmp/ccCCTIiN.s
GNU C++17 (OpenWrt GCC 13.3.0 r28427-6df0e3d02a) version 13.3.0 (x86_64-openwrt-linux-musl)
	compiled by GNU C version 10.2.1 20210110, GMP version 6.3.0, MPFR version 4.2.1, MPC version 1.3.1, isl version none
GGC heuristics: --param ggc-min-expand=100 --param ggc-min-heapsize=131072
ignoring duplicate directory "/home/hanphone/openwrt-project-environment/openwrt-sdk-24.10.0/staging_dir/toolchain-x86_64_gcc-13.3.0_musl/bin/../lib/gcc/../../lib/gcc/x86_64-openwrt-linux-musl/13.3.0/../../../../x86_64-openwrt-linux-musl/include/c++/13.3.0"
ignoring duplicate directory "/home/hanphone/openwrt-project-environment/openwrt-sdk-24.10.0/staging_dir/toolchain-x86_64_gcc-13.3.0_musl/bin/../lib/gcc/../../lib/gcc/x86_64-openwrt-linux-musl/13.3.0/../../../../x86_64-openwrt-linux-musl/include/c++/13.3.0/x86_64-openwrt-linux-musl"
ignoring duplicate directory "/home/hanphone/openwrt-project-environment/openwrt-sdk-24.10.0/staging_dir/toolchain-x86_64_gcc-13.3.0_musl/bin/../lib/gcc/../../lib/gcc/x86_64-openwrt-linux-musl/13.3.0/../../../../x86_64-openwrt-linux-musl/include/c++/13.3.0/backward"
ignoring duplicate directory "/home/hanphone/openwrt-project-environment/openwrt-sdk-24.10.0/staging_dir/toolchain-x86_64_gcc-13.3.0_musl/bin/../lib/gcc/../../lib/gcc/x86_64-openwrt-linux-musl/13.3.0/../../../../x86_64-openwrt-linux-musl/sys-include"
ignoring duplicate directory "/home/hanphone/openwrt-project-environment/openwrt-sdk-24.10.0/staging_dir/toolchain-x86_64_gcc-13.3.0_musl/bin/../lib/gcc/../../lib/gcc/x86_64-openwrt-linux-musl/13.3.0/../../../../x86_64-openwrt-linux-musl/include"
ignoring duplicate directory "/home/hanphone/openwrt-project-environment/openwrt-sdk-24.10.0/staging_dir/toolchain-x86_64_gcc-13.3.0_musl/bin/../lib/gcc/../../lib/gcc/x86_64-openwrt-linux-musl/13.3.0/include"
ignoring nonexistent directory "/home/hanphone/openwrt-project-environment/openwrt-sdk-24.10.0/staging_dir/usr/include"
#include "..." search starts here:
#include <...> search starts here:
 /home/hanphone/openwrt-project-environment/openwrt-sdk-24.10.0/staging_dir/toolchain-x86_64_gcc-13.3.0_musl/bin/../lib/gcc/x86_64-openwrt-linux-musl/13.3.0/../../../../x86_64-openwrt-linux-musl/include/c++/13.3.0
 /home/hanphone/openwrt-project-environment/openwrt-sdk-24.10.0/staging_dir/toolchain-x86_64_gcc-13.3.0_musl/bin/../lib/gcc/x86_64-openwrt-linux-musl/13.3.0/../../../../x86_64-openwrt-linux-musl/include/c++/13.3.0/x86_64-openwrt-linux-musl
 /home/hanphone/openwrt-project-environment/openwrt-sdk-24.10.0/staging_dir/toolchain-x86_64_gcc-13.3.0_musl/bin/../lib/gcc/x86_64-openwrt-linux-musl/13.3.0/../../../../x86_64-openwrt-linux-musl/include/c++/13.3.0/backward
 /home/hanphone/openwrt-project-environment/openwrt-sdk-24.10.0/staging_dir/toolchain-x86_64_gcc-13.3.0_musl/bin/../lib/gcc/x86_64-openwrt-linux-musl/13.3.0/../../../../x86_64-openwrt-linux-musl/sys-include
 /home/hanphone/openwrt-project-environment/openwrt-sdk-24.10.0/staging_dir/toolchain-x86_64_gcc-13.3.0_musl/bin/../lib/gcc/x86_64-openwrt-linux-musl/13.3.0/../../../../x86_64-openwrt-linux-musl/include
 /home/hanphone/openwrt-project-environment/openwrt-sdk-24.10.0/staging_dir/toolchain-x86_64_gcc-13.3.0_musl/bin/../lib/gcc/x86_64-openwrt-linux-musl/13.3.0/include
End of search list.
Compiler executable checksum: 149d16b2d17f0c28b24e9d18c46c2581
COLLECT_GCC_OPTIONS='--sysroot=/home/hanphone/openwrt-project-environment/openwrt-sdk-24.10.0/staging_dir/target-x86_64_musl' '-v' '-o' 'CMakeFiles/cmTC_15ac0.dir/CMakeCXXCompilerABI.cpp.o' '-c' '-shared-libgcc' '-mtune=generic' '-march=x86-64' '-dumpdir' 'CMakeFiles/cmTC_15ac0.dir/'
 /home/hanphone/openwrt-project-environment/openwrt-sdk-24.10.0/staging_dir/toolchain-x86_64_gcc-13.3.0_musl/bin/../lib/gcc/x86_64-openwrt-linux-musl/13.3.0/../../../../x86_64-openwrt-linux-musl/bin/as -v --64 -o CMakeFiles/cmTC_15ac0.dir/CMakeCXXCompilerABI.cpp.o /tmp/ccCCTIiN.s
GNU assembler version 2.42 (x86_64-openwrt-linux-musl) using BFD version (GNU Binutils) 2.42
COMPILER_PATH=/home/hanphone/openwrt-project-environment/openwrt-sdk-24.10.0/staging_dir/toolchain-x86_64_gcc-13.3.0_musl/bin/../libexec/gcc/x86_64-openwrt-linux-musl/13.3.0/:/home/hanphone/openwrt-project-environment/openwrt-sdk-24.10.0/staging_dir/toolchain-x86_64_gcc-13.3.0_musl/bin/../libexec/gcc/:/home/hanphone/openwrt-project-environment/openwrt-sdk-24.10.0/staging_dir/toolchain-x86_64_gcc-13.3.0_musl/bin/../lib/gcc/x86_64-openwrt-linux-musl/13.3.0/../../../../x86_64-openwrt-linux-musl/bin/
LIBRARY_PATH=/home/hanphone/openwrt-project-environment/openwrt-sdk-24.10.0/staging_dir/toolchain-x86_64_gcc-13.3.0_musl/bin/../lib/gcc/x86_64-openwrt-linux-musl/13.3.0/:/home/hanphone/openwrt-project-environment/openwrt-sdk-24.10.0/staging_dir/toolchain-x86_64_gcc-13.3.0_musl/bin/../lib/gcc/:/home/hanphone/openwrt-project-environment/openwrt-sdk-24.10.0/staging_dir/toolchain-x86_64_gcc-13.3.0_musl/bin/../lib/gcc/x86_64-openwrt-linux-musl/13.3.0/../../../../x86_64-openwrt-linux-musl/lib/:/home/hanphone/openwrt-project-environment/openwrt-sdk-24.10.0/staging_dir/target-x86_64_musl/usr/lib/
COLLECT_GCC_OPTIONS='--sysroot=/home/hanphone/openwrt-project-environment/openwrt-sdk-24.10.0/staging_dir/target-x86_64_musl' '-v' '-o' 'CMakeFiles/cmTC_15ac0.dir/CMakeCXXCompilerABI.cpp.o' '-c' '-shared-libgcc' '-mtune=generic' '-march=x86-64' '-dumpdir' 'CMakeFiles/cmTC_15ac0.dir/CMakeCXXCompilerABI.cpp.'
Linking CXX executable cmTC_15ac0
/usr/bin/cmake -E cmake_link_script CMakeFiles/cmTC_15ac0.dir/link.txt --verbose=1
/home/hanphone/openwrt-project-environment/openwrt-sdk-24.10.0/staging_dir/toolchain-x86_64_gcc-13.3.0_musl/bin/x86_64-openwrt-linux-g++ --sysroot=/home/hanphone/openwrt-project-environment/openwrt-sdk-24.10.0/staging_dir/target-x86_64_musl  -v CMakeFiles/cmTC_15ac0.dir/CMakeCXXCompilerABI.cpp.o -o cmTC_15ac0 
Reading specs from /home/hanphone/openwrt-project-environment/openwrt-sdk-24.10.0/staging_dir/toolchain-x86_64_gcc-13.3.0_musl/bin/../lib/gcc/x86_64-openwrt-linux-musl/13.3.0/specs
COLLECT_GCC=/home/hanphone/openwrt-project-environment/openwrt-sdk-24.10.0/staging_dir/toolchain-x86_64_gcc-13.3.0_musl/bin/x86_64-openwrt-linux-g++
COLLECT_LTO_WRAPPER=/home/hanphone/openwrt-project-environment/openwrt-sdk-24.10.0/staging_dir/toolchain-x86_64_gcc-13.3.0_musl/bin/../libexec/gcc/x86_64-openwrt-linux-musl/13.3.0/lto-wrapper
Target: x86_64-openwrt-linux-musl
Configured with: /builder/shared-workdir/build/build_dir/toolchain-x86_64_gcc-13.3.0_musl/gcc-13.3.0/configure --with-bugurl=http://bugs.openwrt.org/ --with-pkgversion='OpenWrt GCC 13.3.0 r28427-6df0e3d02a' --prefix=/builder/shared-workdir/build/staging_dir/toolchain-x86_64_gcc-13.3.0_musl --build=x86_64-pc-linux-gnu --host=x86_64-pc-linux-gnu --target=x86_64-openwrt-linux-musl --with-gnu-ld --enable-target-optspace --disable-libgomp --disable-libmudflap --disable-multilib --disable-libmpx --disable-nls --disable-libssp --without-isl --without-cloog --with-host-libstdcxx=-lstdc++ --with-system-zlib=/builder/shared-workdir/build/staging_dir/host --with-zstd=/builder/shared-workdir/build/staging_dir/host --with-gmp=/builder/shared-workdir/build/staging_dir/host --with-mpfr=/builder/shared-workdir/build/staging_dir/host --with-mpc=/builder/shared-workdir/build/staging_dir/host --disable-decimal-float --with-diagnostics-color=auto-if-env --enable-__cxa_atexit --enable-libstdcxx-dual-abi --with-default-libstdcxx-abi=new CFLAGS='-O2 -I/builder/shared-workdir/build/staging_dir/host/include  -pipe' CXXFLAGS='-O2 -I/builder/shared-workdir/build/staging_dir/host/include  -pipe' 'CFLAGS_FOR_TARGET=-Os -pipe -fno-caller-saves -fno-plt -fhonour-copts -Wformat -Werror=format-security -fstack-protector -D_FORTIFY_SOURCE=1 -Wl,-z,now -Wl,-z,relro' 'CXXFLAGS_FOR_TARGET=-Os -pipe -fno-caller-saves -fno-plt -fhonour-copts -Wformat -Werror=format-security -fstack-protector -D_FORTIFY_SOURCE=1 -Wl,-z,now -Wl,-z,relro' 'GOCFLAGS_FOR_TARGET=-Os -pipe -fno-caller-saves -fno-plt -fhonour-copts -Wformat -Werror=format-security -fstack-protector -D_FORTIFY_SOURCE=1 -Wl,-z,now -Wl,-z,relro' --with-headers=/builder/shared-workdir/build/staging_dir/toolchain-x86_64_gcc-13.3.0_musl/include --enable-languages=c,c++ --enable-shared --enable-threads --with-slibdir=/builder/shared-workdir/build/staging_dir/toolchain-x86_64_gcc-13.3.0_musl/lib --enable-plugins --enable-lto --with-libelf=/builder/shared-workdir/build/staging_dir/host --disable-libsanitizer
Thread model: posix
Supported LTO compression algorithms: zlib zstd
gcc version 13.3.0 (OpenWrt GCC 13.3.0 r28427-6df0e3d02a) 
COMPILER_PATH=/home/hanphone/openwrt-project-environment/openwrt-sdk-24.10.0/staging_dir/toolchain-x86_64_gcc-13.3.0_musl/bin/../libexec/gcc/x86_64-openwrt-linux-musl/13.3.0/:/home/hanphone/openwrt-project-environment/openwrt-sdk-24.10.0/staging_dir/toolchain-x86_64_gcc-13.3.0_musl/bin/../libexec/gcc/:/home/hanphone/openwrt-project-environment/openwrt-sdk-24.10.0/staging_dir/toolchain-x86_64_gcc-13.3.0_musl/bin/../lib/gcc/x86_64-openwrt-linux-musl/13.3.0/../../../../x86_64-openwrt-linux-musl/bin/
LIBRARY_PATH=/home/hanphone/openwrt-project-environment/openwrt-sdk-24.10.0/staging_dir/toolchain-x86_64_gcc-13.3.0_musl/bin/../lib/gcc/x86_64-openwrt-linux-musl/13.3.0/:/home/hanphone/openwrt-project-environment/openwrt-sdk-24.10.0/staging_dir/toolchain-x86_64_gcc-13.3.0_musl/bin/../lib/gcc/:/home/hanphone/openwrt-project-environment/openwrt-sdk-24.10.0/staging_dir/toolchain-x86_64_gcc-13.3.0_musl/bin/../lib/gcc/x86_64-openwrt-linux-musl/13.3.0/../../../../x86_64-openwrt-linux-musl/lib/:/home/hanphone/openwrt-project-environment/openwrt-sdk-24.10.0/staging_dir/target-x86_64_musl/usr/lib/
COLLECT_GCC_OPTIONS='--sysroot=/home/hanphone/openwrt-project-environment/openwrt-sdk-24.10.0/staging_dir/target-x86_64_musl' '-v' '-o' 'cmTC_15ac0' '-shared-libgcc' '-mtune=generic' '-march=x86-64' '-dumpdir' 'cmTC_15ac0.'
 /home/hanphone/openwrt-project-environment/openwrt-sdk-24.10.0/staging_dir/toolchain-x86_64_gcc-13.3.0_musl/bin/../libexec/gcc/x86_64-openwrt-linux-musl/13.3.0/collect2 -plugin /home/hanphone/openwrt-project-environment/openwrt-sdk-24.10.0/staging_dir/toolchain-x86_64_gcc-13.3.0_musl/bin/../libexec/gcc/x86_64-openwrt-linux-musl/13.3.0/liblto_plugin.so -plugin-opt=/home/hanphone/openwrt-project-environment/openwrt-sdk-24.10.0/staging_dir/toolchain-x86_64_gcc-13.3.0_musl/bin/../libexec/gcc/x86_64-openwrt-linux-musl/13.3.0/lto-wrapper -plugin-opt=-fresolution=/tmp/ccl1kg0s.res -plugin-opt=-pass-through=-lgcc_s -plugin-opt=-pass-through=-lc -plugin-opt=-pass-through=-lgcc_s --sysroot=/home/hanphone/openwrt-project-environment/openwrt-sdk-24.10.0/staging_dir/target-x86_64_musl --eh-frame-hdr -m elf_x86_64 -dynamic-linker /lib/ld-musl-x86_64.so.1 -o cmTC_15ac0 /home/hanphone/openwrt-project-environment/openwrt-sdk-24.10.0/staging_dir/toolchain-x86_64_gcc-13.3.0_musl/bin/../lib/gcc/x86_64-openwrt-linux-musl/13.3.0/../../../../x86_64-openwrt-linux-musl/lib/crt1.o /home/hanphone/openwrt-project-environment/openwrt-sdk-24.10.0/staging_dir/toolchain-x86_64_gcc-13.3.0_musl/bin/../lib/gcc/x86_64-openwrt-linux-musl/13.3.0/../../../../x86_64-openwrt-linux-musl/lib/crti.o /home/hanphone/openwrt-project-environment/openwrt-sdk-24.10.0/staging_dir/toolchain-x86_64_gcc-13.3.0_musl/bin/../lib/gcc/x86_64-openwrt-linux-musl/13.3.0/crtbegin.o -L /home/hanphone/openwrt-project-environment/openwrt-sdk-24.10.0/staging_dir/usr/lib -rpath-link /home/hanphone/openwrt-project-environment/openwrt-sdk-24.10.0/staging_dir/usr/lib -L/home/hanphone/openwrt-project-environment/openwrt-sdk-24.10.0/staging_dir/toolchain-x86_64_gcc-13.3.0_musl/bin/../lib/gcc/x86_64-openwrt-linux-musl/13.3.0 -L/home/hanphone/openwrt-project-environment/openwrt-sdk-24.10.0/staging_dir/toolchain-x86_64_gcc-13.3.0_musl/bin/../lib/gcc -L/home/hanphone/openwrt-project-environment/openwrt-sdk-24.10.0/staging_dir/toolchain-x86_64_gcc-13.3.0_musl/bin/../lib/gcc/x86_64-openwrt-linux-musl/13.3.0/../../../../x86_64-openwrt-linux-musl/lib -L/home/hanphone/openwrt-project-environment/openwrt-sdk-24.10.0/staging_dir/target-x86_64_musl/usr/lib CMakeFiles/cmTC_15ac0.dir/CMakeCXXCompilerABI.cpp.o -lstdc++ -lm -lssp_nonshared -lgcc_s -lc -lgcc_s /home/hanphone/openwrt-project-environment/openwrt-sdk-24.10.0/staging_dir/toolchain-x86_64_gcc-13.3.0_musl/bin/../lib/gcc/x86_64-openwrt-linux-musl/13.3.0/crtend.o /home/hanphone/openwrt-project-environment/openwrt-sdk-24.10.0/staging_dir/toolchain-x86_64_gcc-13.3.0_musl/bin/../lib/gcc/x86_64-openwrt-linux-musl/13.3.0/../../../../x86_64-openwrt-linux-musl/lib/crtn.o
COLLECT_GCC_OPTIONS='--sysroot=/home/hanphone/openwrt-project-environment/openwrt-sdk-24.10.0/staging_dir/target-x86_64_musl' '-v' '-o' 'cmTC_15ac0' '-shared-libgcc' '-mtune=generic' '-march=x86-64' '-dumpdir' 'cmTC_15ac0.'
gmake[1]: Leaving directory '/home/hanphone/openwrt-projects/project1/build/CMakeFiles/CMakeTmp'



Parsed CXX implicit include dir info from above output: rv=done
  found start of include info
  found start of implicit include info
    add: [/home/hanphone/openwrt-project-environment/openwrt-sdk-24.10.0/staging_dir/toolchain-x86_64_gcc-13.3.0_musl/bin/../lib/gcc/x86_64-openwrt-linux-musl/13.3.0/../../../../x86_64-openwrt-linux-musl/include/c++/13.3.0]
    add: [/home/hanphone/openwrt-project-environment/openwrt-sdk-24.10.0/staging_dir/toolchain-x86_64_gcc-13.3.0_musl/bin/../lib/gcc/x86_64-openwrt-linux-musl/13.3.0/../../../../x86_64-openwrt-linux-musl/include/c++/13.3.0/x86_64-openwrt-linux-musl]
    add: [/home/hanphone/openwrt-project-environment/openwrt-sdk-24.10.0/staging_dir/toolchain-x86_64_gcc-13.3.0_musl/bin/../lib/gcc/x86_64-openwrt-linux-musl/13.3.0/../../../../x86_64-openwrt-linux-musl/include/c++/13.3.0/backward]
    add: [/home/hanphone/openwrt-project-environment/openwrt-sdk-24.10.0/staging_dir/toolchain-x86_64_gcc-13.3.0_musl/bin/../lib/gcc/x86_64-openwrt-linux-musl/13.3.0/../../../../x86_64-openwrt-linux-musl/sys-include]
    add: [/home/hanphone/openwrt-project-environment/openwrt-sdk-24.10.0/staging_dir/toolchain-x86_64_gcc-13.3.0_musl/bin/../lib/gcc/x86_64-openwrt-linux-musl/13.3.0/../../../../x86_64-openwrt-linux-musl/include]
    add: [/home/hanphone/openwrt-project-environment/openwrt-sdk-24.10.0/staging_dir/toolchain-x86_64_gcc-13.3.0_musl/bin/../lib/gcc/x86_64-openwrt-linux-musl/13.3.0/include]
  end of search list found
  collapse include dir [/home/hanphone/openwrt-project-environment/openwrt-sdk-24.10.0/staging_dir/toolchain-x86_64_gcc-13.3.0_musl/bin/../lib/gcc/x86_64-openwrt-linux-musl/13.3.0/../../../../x86_64-openwrt-linux-musl/include/c++/13.3.0] ==> [/home/hanphone/openwrt-project-environment/openwrt-sdk-24.10.0/staging_dir/toolchain-x86_64_gcc-13.3.0_musl/x86_64-openwrt-linux-musl/include/c++/13.3.0]
  collapse include dir [/home/hanphone/openwrt-project-environment/openwrt-sdk-24.10.0/staging_dir/toolchain-x86_64_gcc-13.3.0_musl/bin/../lib/gcc/x86_64-openwrt-linux-musl/13.3.0/../../../../x86_64-openwrt-linux-musl/include/c++/13.3.0/x86_64-openwrt-linux-musl] ==> [/home/hanphone/openwrt-project-environment/openwrt-sdk-24.10.0/staging_dir/toolchain-x86_64_gcc-13.3.0_musl/x86_64-openwrt-linux-musl/include/c++/13.3.0/x86_64-openwrt-linux-musl]
  collapse include dir [/home/hanphone/openwrt-project-environment/openwrt-sdk-24.10.0/staging_dir/toolchain-x86_64_gcc-13.3.0_musl/bin/../lib/gcc/x86_64-openwrt-linux-musl/13.3.0/../../../../x86_64-openwrt-linux-musl/include/c++/13.3.0/backward] ==> [/home/hanphone/openwrt-project-environment/openwrt-sdk-24.10.0/staging_dir/toolchain-x86_64_gcc-13.3.0_musl/x86_64-openwrt-linux-musl/include/c++/13.3.0/backward]
  collapse include dir [/home/hanphone/openwrt-project-environment/openwrt-sdk-24.10.0/staging_dir/toolchain-x86_64_gcc-13.3.0_musl/bin/../lib/gcc/x86_64-openwrt-linux-musl/13.3.0/../../../../x86_64-openwrt-linux-musl/sys-include] ==> [/home/hanphone/openwrt-project-environment/openwrt-sdk-24.10.0/staging_dir/toolchain-x86_64_gcc-13.3.0_musl/x86_64-openwrt-linux-musl/sys-include]
  collapse include dir [/home/hanphone/openwrt-project-environment/openwrt-sdk-24.10.0/staging_dir/toolchain-x86_64_gcc-13.3.0_musl/bin/../lib/gcc/x86_64-openwrt-linux-musl/13.3.0/../../../../x86_64-openwrt-linux-musl/include] ==> [/home/hanphone/openwrt-project-environment/openwrt-sdk-24.10.0/staging_dir/toolchain-x86_64_gcc-13.3.0_musl/x86_64-openwrt-linux-musl/include]
  collapse include dir [/home/hanphone/openwrt-project-environment/openwrt-sdk-24.10.0/staging_dir/toolchain-x86_64_gcc-13.3.0_musl/bin/../lib/gcc/x86_64-openwrt-linux-musl/13.3.0/include] ==> [/home/hanphone/openwrt-project-environment/openwrt-sdk-24.10.0/staging_dir/toolchain-x86_64_gcc-13.3.0_musl/lib/gcc/x86_64-openwrt-linux-musl/13.3.0/include]
  implicit include dirs: [/home/hanphone/openwrt-project-environment/openwrt-sdk-24.10.0/staging_dir/toolchain-x86_64_gcc-13.3.0_musl/x86_64-openwrt-linux-musl/include/c++/13.3.0;/home/hanphone/openwrt-project-environment/openwrt-sdk-24.10.0/staging_dir/toolchain-x86_64_gcc-13.3.0_musl/x86_64-openwrt-linux-musl/include/c++/13.3.0/x86_64-openwrt-linux-musl;/home/hanphone/openwrt-project-environment/openwrt-sdk-24.10.0/staging_dir/toolchain-x86_64_gcc-13.3.0_musl/x86_64-openwrt-linux-musl/include/c++/13.3.0/backward;/home/hanphone/openwrt-project-environment/openwrt-sdk-24.10.0/staging_dir/toolchain-x86_64_gcc-13.3.0_musl/x86_64-openwrt-linux-musl/sys-include;/home/hanphone/openwrt-project-environment/openwrt-sdk-24.10.0/staging_dir/toolchain-x86_64_gcc-13.3.0_musl/x86_64-openwrt-linux-musl/include;/home/hanphone/openwrt-project-environment/openwrt-sdk-24.10.0/staging_dir/toolchain-x86_64_gcc-13.3.0_musl/lib/gcc/x86_64-openwrt-linux-musl/13.3.0/include]


Parsed CXX implicit link information from above output:
  link line regex: [^( *|.*[/\])(x86_64-openwrt-linux-ld|CMAKE_LINK_STARTFILE-NOTFOUND|([^/\]+-)?ld|collect2)[^/\]*( |$)]
  ignore line: [Change Dir: /home/hanphone/openwrt-projects/project1/build/CMakeFiles/CMakeTmp]
  ignore line: []
  ignore line: [Run Build Command(s):/usr/bin/gmake -f Makefile cmTC_15ac0/fast && /usr/bin/gmake  -f CMakeFiles/cmTC_15ac0.dir/build.make CMakeFiles/cmTC_15ac0.dir/build]
  ignore line: [gmake[1]: Entering directory '/home/hanphone/openwrt-projects/project1/build/CMakeFiles/CMakeTmp']
  ignore line: [Building CXX object CMakeFiles/cmTC_15ac0.dir/CMakeCXXCompilerABI.cpp.o]
  ignore line: [/home/hanphone/openwrt-project-environment/openwrt-sdk-24.10.0/staging_dir/toolchain-x86_64_gcc-13.3.0_musl/bin/x86_64-openwrt-linux-g++ --sysroot=/home/hanphone/openwrt-project-environment/openwrt-sdk-24.10.0/staging_dir/target-x86_64_musl   -v -o CMakeFiles/cmTC_15ac0.dir/CMakeCXXCompilerABI.cpp.o -c /usr/share/cmake-3.22/Modules/CMakeCXXCompilerABI.cpp]
  ignore line: [Reading specs from /home/hanphone/openwrt-project-environment/openwrt-sdk-24.10.0/staging_dir/toolchain-x86_64_gcc-13.3.0_musl/bin/../lib/gcc/x86_64-openwrt-linux-musl/13.3.0/specs]
  ignore line: [COLLECT_GCC=/home/hanphone/openwrt-project-environment/openwrt-sdk-24.10.0/staging_dir/toolchain-x86_64_gcc-13.3.0_musl/bin/x86_64-openwrt-linux-g++]
  ignore line: [Target: x86_64-openwrt-linux-musl]
  ignore line: [Configured with: /builder/shared-workdir/build/build_dir/toolchain-x86_64_gcc-13.3.0_musl/gcc-13.3.0/configure --with-bugurl=http://bugs.openwrt.org/ --with-pkgversion='OpenWrt GCC 13.3.0 r28427-6df0e3d02a' --prefix=/builder/shared-workdir/build/staging_dir/toolchain-x86_64_gcc-13.3.0_musl --build=x86_64-pc-linux-gnu --host=x86_64-pc-linux-gnu --target=x86_64-openwrt-linux-musl --with-gnu-ld --enable-target-optspace --disable-libgomp --disable-libmudflap --disable-multilib --disable-libmpx --disable-nls --disable-libssp --without-isl --without-cloog --with-host-libstdcxx=-lstdc++ --with-system-zlib=/builder/shared-workdir/build/staging_dir/host --with-zstd=/builder/shared-workdir/build/staging_dir/host --with-gmp=/builder/shared-workdir/build/staging_dir/host --with-mpfr=/builder/shared-workdir/build/staging_dir/host --with-mpc=/builder/shared-workdir/build/staging_dir/host --disable-decimal-float --with-diagnostics-color=auto-if-env --enable-__cxa_atexit --enable-libstdcxx-dual-abi --with-default-libstdcxx-abi=new CFLAGS='-O2 -I/builder/shared-workdir/build/staging_dir/host/include  -pipe' CXXFLAGS='-O2 -I/builder/shared-workdir/build/staging_dir/host/include  -pipe' 'CFLAGS_FOR_TARGET=-Os -pipe -fno-caller-saves -fno-plt -fhonour-copts -Wformat -Werror=format-security -fstack-protector -D_FORTIFY_SOURCE=1 -Wl,-z,now -Wl,-z,relro' 'CXXFLAGS_FOR_TARGET=-Os -pipe -fno-caller-saves -fno-plt -fhonour-copts -Wformat -Werror=format-security -fstack-protector -D_FORTIFY_SOURCE=1 -Wl,-z,now -Wl,-z,relro' 'GOCFLAGS_FOR_TARGET=-Os -pipe -fno-caller-saves -fno-plt -fhonour-copts -Wformat -Werror=format-security -fstack-protector -D_FORTIFY_SOURCE=1 -Wl,-z,now -Wl,-z,relro' --with-headers=/builder/shared-workdir/build/staging_dir/toolchain-x86_64_gcc-13.3.0_musl/include --enable-languages=c,c++ --enable-shared --enable-threads --with-slibdir=/builder/shared-workdir/build/staging_dir/toolchain-x86_64_gcc-13.3.0_musl/lib --enable-plugins --enable-lto --with-libelf=/builder/shared-workdir/build/staging_dir/host --disable-libsanitizer]
  ignore line: [Thread model: posix]
  ignore line: [Supported LTO compression algorithms: zlib zstd]
  ignore line: [gcc version 13.3.0 (OpenWrt GCC 13.3.0 r28427-6df0e3d02a) ]
  ignore line: [COLLECT_GCC_OPTIONS='--sysroot=/home/hanphone/openwrt-project-environment/openwrt-sdk-24.10.0/staging_dir/target-x86_64_musl' '-v' '-o' 'CMakeFiles/cmTC_15ac0.dir/CMakeCXXCompilerABI.cpp.o' '-c' '-shared-libgcc' '-mtune=generic' '-march=x86-64' '-dumpdir' 'CMakeFiles/cmTC_15ac0.dir/']
  ignore line: [ /home/hanphone/openwrt-project-environment/openwrt-sdk-24.10.0/staging_dir/toolchain-x86_64_gcc-13.3.0_musl/bin/../libexec/gcc/x86_64-openwrt-linux-musl/13.3.0/cc1plus -quiet -v -iprefix /home/hanphone/openwrt-project-environment/openwrt-sdk-24.10.0/staging_dir/toolchain-x86_64_gcc-13.3.0_musl/bin/../lib/gcc/x86_64-openwrt-linux-musl/13.3.0/ -isysroot /home/hanphone/openwrt-project-environment/openwrt-sdk-24.10.0/staging_dir/target-x86_64_musl -D_GNU_SOURCE -idirafter /home/hanphone/openwrt-project-environment/openwrt-sdk-24.10.0/staging_dir/usr/include /usr/share/cmake-3.22/Modules/CMakeCXXCompilerABI.cpp -quiet -dumpdir CMakeFiles/cmTC_15ac0.dir/ -dumpbase CMakeCXXCompilerABI.cpp.cpp -dumpbase-ext .cpp -mtune=generic -march=x86-64 -version -o /tmp/ccCCTIiN.s]
  ignore line: [GNU C++17 (OpenWrt GCC 13.3.0 r28427-6df0e3d02a) version 13.3.0 (x86_64-openwrt-linux-musl)]
  ignore line: [	compiled by GNU C version 10.2.1 20210110  GMP version 6.3.0  MPFR version 4.2.1  MPC version 1.3.1  isl version none]
  ignore line: [GGC heuristics: --param ggc-min-expand=100 --param ggc-min-heapsize=131072]
  ignore line: [ignoring duplicate directory "/home/hanphone/openwrt-project-environment/openwrt-sdk-24.10.0/staging_dir/toolchain-x86_64_gcc-13.3.0_musl/bin/../lib/gcc/../../lib/gcc/x86_64-openwrt-linux-musl/13.3.0/../../../../x86_64-openwrt-linux-musl/include/c++/13.3.0"]
  ignore line: [ignoring duplicate directory "/home/hanphone/openwrt-project-environment/openwrt-sdk-24.10.0/staging_dir/toolchain-x86_64_gcc-13.3.0_musl/bin/../lib/gcc/../../lib/gcc/x86_64-openwrt-linux-musl/13.3.0/../../../../x86_64-openwrt-linux-musl/include/c++/13.3.0/x86_64-openwrt-linux-musl"]
  ignore line: [ignoring duplicate directory "/home/hanphone/openwrt-project-environment/openwrt-sdk-24.10.0/staging_dir/toolchain-x86_64_gcc-13.3.0_musl/bin/../lib/gcc/../../lib/gcc/x86_64-openwrt-linux-musl/13.3.0/../../../../x86_64-openwrt-linux-musl/include/c++/13.3.0/backward"]
  ignore line: [ignoring duplicate directory "/home/hanphone/openwrt-project-environment/openwrt-sdk-24.10.0/staging_dir/toolchain-x86_64_gcc-13.3.0_musl/bin/../lib/gcc/../../lib/gcc/x86_64-openwrt-linux-musl/13.3.0/../../../../x86_64-openwrt-linux-musl/sys-include"]
  ignore line: [ignoring duplicate directory "/home/hanphone/openwrt-project-environment/openwrt-sdk-24.10.0/staging_dir/toolchain-x86_64_gcc-13.3.0_musl/bin/../lib/gcc/../../lib/gcc/x86_64-openwrt-linux-musl/13.3.0/../../../../x86_64-openwrt-linux-musl/include"]
  ignore line: [ignoring duplicate directory "/home/hanphone/openwrt-project-environment/openwrt-sdk-24.10.0/staging_dir/toolchain-x86_64_gcc-13.3.0_musl/bin/../lib/gcc/../../lib/gcc/x86_64-openwrt-linux-musl/13.3.0/include"]
  ignore line: [ignoring nonexistent directory "/home/hanphone/openwrt-project-environment/openwrt-sdk-24.10.0/staging_dir/usr/include"]
  ignore line: [#include "..." search starts here:]
  ignore line: [#include <...> search starts here:]
  ignore line: [ /home/hanphone/openwrt-project-environment/openwrt-sdk-24.10.0/staging_dir/toolchain-x86_64_gcc-13.3.0_musl/bin/../lib/gcc/x86_64-openwrt-linux-musl/13.3.0/../../../../x86_64-openwrt-linux-musl/include/c++/13.3.0]
  ignore line: [ /home/hanphone/openwrt-project-environment/openwrt-sdk-24.10.0/staging_dir/toolchain-x86_64_gcc-13.3.0_musl/bin/../lib/gcc/x86_64-openwrt-linux-musl/13.3.0/../../../../x86_64-openwrt-linux-musl/include/c++/13.3.0/x86_64-openwrt-linux-musl]
  ignore line: [ /home/hanphone/openwrt-project-environment/openwrt-sdk-24.10.0/staging_dir/toolchain-x86_64_gcc-13.3.0_musl/bin/../lib/gcc/x86_64-openwrt-linux-musl/13.3.0/../../../../x86_64-openwrt-linux-musl/include/c++/13.3.0/backward]
  ignore line: [ /home/hanphone/openwrt-project-environment/openwrt-sdk-24.10.0/staging_dir/toolchain-x86_64_gcc-13.3.0_musl/bin/../lib/gcc/x86_64-openwrt-linux-musl/13.3.0/../../../../x86_64-openwrt-linux-musl/sys-include]
  ignore line: [ /home/hanphone/openwrt-project-environment/openwrt-sdk-24.10.0/staging_dir/toolchain-x86_64_gcc-13.3.0_musl/bin/../lib/gcc/x86_64-openwrt-linux-musl/13.3.0/../../../../x86_64-openwrt-linux-musl/include]
  ignore line: [ /home/hanphone/openwrt-project-environment/openwrt-sdk-24.10.0/staging_dir/toolchain-x86_64_gcc-13.3.0_musl/bin/../lib/gcc/x86_64-openwrt-linux-musl/13.3.0/include]
  ignore line: [End of search list.]
  ignore line: [Compiler executable checksum: 149d16b2d17f0c28b24e9d18c46c2581]
  ignore line: [COLLECT_GCC_OPTIONS='--sysroot=/home/hanphone/openwrt-project-environment/openwrt-sdk-24.10.0/staging_dir/target-x86_64_musl' '-v' '-o' 'CMakeFiles/cmTC_15ac0.dir/CMakeCXXCompilerABI.cpp.o' '-c' '-shared-libgcc' '-mtune=generic' '-march=x86-64' '-dumpdir' 'CMakeFiles/cmTC_15ac0.dir/']
  ignore line: [ /home/hanphone/openwrt-project-environment/openwrt-sdk-24.10.0/staging_dir/toolchain-x86_64_gcc-13.3.0_musl/bin/../lib/gcc/x86_64-openwrt-linux-musl/13.3.0/../../../../x86_64-openwrt-linux-musl/bin/as -v --64 -o CMakeFiles/cmTC_15ac0.dir/CMakeCXXCompilerABI.cpp.o /tmp/ccCCTIiN.s]
  ignore line: [GNU assembler version 2.42 (x86_64-openwrt-linux-musl) using BFD version (GNU Binutils) 2.42]
  ignore line: [COMPILER_PATH=/home/hanphone/openwrt-project-environment/openwrt-sdk-24.10.0/staging_dir/toolchain-x86_64_gcc-13.3.0_musl/bin/../libexec/gcc/x86_64-openwrt-linux-musl/13.3.0/:/home/hanphone/openwrt-project-environment/openwrt-sdk-24.10.0/staging_dir/toolchain-x86_64_gcc-13.3.0_musl/bin/../libexec/gcc/:/home/hanphone/openwrt-project-environment/openwrt-sdk-24.10.0/staging_dir/toolchain-x86_64_gcc-13.3.0_musl/bin/../lib/gcc/x86_64-openwrt-linux-musl/13.3.0/../../../../x86_64-openwrt-linux-musl/bin/]
  ignore line: [LIBRARY_PATH=/home/hanphone/openwrt-project-environment/openwrt-sdk-24.10.0/staging_dir/toolchain-x86_64_gcc-13.3.0_musl/bin/../lib/gcc/x86_64-openwrt-linux-musl/13.3.0/:/home/hanphone/openwrt-project-environment/openwrt-sdk-24.10.0/staging_dir/toolchain-x86_64_gcc-13.3.0_musl/bin/../lib/gcc/:/home/hanphone/openwrt-project-environment/openwrt-sdk-24.10.0/staging_dir/toolchain-x86_64_gcc-13.3.0_musl/bin/../lib/gcc/x86_64-openwrt-linux-musl/13.3.0/../../../../x86_64-openwrt-linux-musl/lib/:/home/hanphone/openwrt-project-environment/openwrt-sdk-24.10.0/staging_dir/target-x86_64_musl/usr/lib/]
  ignore line: [COLLECT_GCC_OPTIONS='--sysroot=/home/hanphone/openwrt-project-environment/openwrt-sdk-24.10.0/staging_dir/target-x86_64_musl' '-v' '-o' 'CMakeFiles/cmTC_15ac0.dir/CMakeCXXCompilerABI.cpp.o' '-c' '-shared-libgcc' '-mtune=generic' '-march=x86-64' '-dumpdir' 'CMakeFiles/cmTC_15ac0.dir/CMakeCXXCompilerABI.cpp.']
  ignore line: [Linking CXX executable cmTC_15ac0]
  ignore line: [/usr/bin/cmake -E cmake_link_script CMakeFiles/cmTC_15ac0.dir/link.txt --verbose=1]
  ignore line: [/home/hanphone/openwrt-project-environment/openwrt-sdk-24.10.0/staging_dir/toolchain-x86_64_gcc-13.3.0_musl/bin/x86_64-openwrt-linux-g++ --sysroot=/home/hanphone/openwrt-project-environment/openwrt-sdk-24.10.0/staging_dir/target-x86_64_musl  -v CMakeFiles/cmTC_15ac0.dir/CMakeCXXCompilerABI.cpp.o -o cmTC_15ac0 ]
  ignore line: [Reading specs from /home/hanphone/openwrt-project-environment/openwrt-sdk-24.10.0/staging_dir/toolchain-x86_64_gcc-13.3.0_musl/bin/../lib/gcc/x86_64-openwrt-linux-musl/13.3.0/specs]
  ignore line: [COLLECT_GCC=/home/hanphone/openwrt-project-environment/openwrt-sdk-24.10.0/staging_dir/toolchain-x86_64_gcc-13.3.0_musl/bin/x86_64-openwrt-linux-g++]
  ignore line: [COLLECT_LTO_WRAPPER=/home/hanphone/openwrt-project-environment/openwrt-sdk-24.10.0/staging_dir/toolchain-x86_64_gcc-13.3.0_musl/bin/../libexec/gcc/x86_64-openwrt-linux-musl/13.3.0/lto-wrapper]
  ignore line: [Target: x86_64-openwrt-linux-musl]
  ignore line: [Configured with: /builder/shared-workdir/build/build_dir/toolchain-x86_64_gcc-13.3.0_musl/gcc-13.3.0/configure --with-bugurl=http://bugs.openwrt.org/ --with-pkgversion='OpenWrt GCC 13.3.0 r28427-6df0e3d02a' --prefix=/builder/shared-workdir/build/staging_dir/toolchain-x86_64_gcc-13.3.0_musl --build=x86_64-pc-linux-gnu --host=x86_64-pc-linux-gnu --target=x86_64-openwrt-linux-musl --with-gnu-ld --enable-target-optspace --disable-libgomp --disable-libmudflap --disable-multilib --disable-libmpx --disable-nls --disable-libssp --without-isl --without-cloog --with-host-libstdcxx=-lstdc++ --with-system-zlib=/builder/shared-workdir/build/staging_dir/host --with-zstd=/builder/shared-workdir/build/staging_dir/host --with-gmp=/builder/shared-workdir/build/staging_dir/host --with-mpfr=/builder/shared-workdir/build/staging_dir/host --with-mpc=/builder/shared-workdir/build/staging_dir/host --disable-decimal-float --with-diagnostics-color=auto-if-env --enable-__cxa_atexit --enable-libstdcxx-dual-abi --with-default-libstdcxx-abi=new CFLAGS='-O2 -I/builder/shared-workdir/build/staging_dir/host/include  -pipe' CXXFLAGS='-O2 -I/builder/shared-workdir/build/staging_dir/host/include  -pipe' 'CFLAGS_FOR_TARGET=-Os -pipe -fno-caller-saves -fno-plt -fhonour-copts -Wformat -Werror=format-security -fstack-protector -D_FORTIFY_SOURCE=1 -Wl,-z,now -Wl,-z,relro' 'CXXFLAGS_FOR_TARGET=-Os -pipe -fno-caller-saves -fno-plt -fhonour-copts -Wformat -Werror=format-security -fstack-protector -D_FORTIFY_SOURCE=1 -Wl,-z,now -Wl,-z,relro' 'GOCFLAGS_FOR_TARGET=-Os -pipe -fno-caller-saves -fno-plt -fhonour-copts -Wformat -Werror=format-security -fstack-protector -D_FORTIFY_SOURCE=1 -Wl,-z,now -Wl,-z,relro' --with-headers=/builder/shared-workdir/build/staging_dir/toolchain-x86_64_gcc-13.3.0_musl/include --enable-languages=c,c++ --enable-shared --enable-threads --with-slibdir=/builder/shared-workdir/build/staging_dir/toolchain-x86_64_gcc-13.3.0_musl/lib --enable-plugins --enable-lto --with-libelf=/builder/shared-workdir/build/staging_dir/host --disable-libsanitizer]
  ignore line: [Thread model: posix]
  ignore line: [Supported LTO compression algorithms: zlib zstd]
  ignore line: [gcc version 13.3.0 (OpenWrt GCC 13.3.0 r28427-6df0e3d02a) ]
  ignore line: [COMPILER_PATH=/home/hanphone/openwrt-project-environment/openwrt-sdk-24.10.0/staging_dir/toolchain-x86_64_gcc-13.3.0_musl/bin/../libexec/gcc/x86_64-openwrt-linux-musl/13.3.0/:/home/hanphone/openwrt-project-environment/openwrt-sdk-24.10.0/staging_dir/toolchain-x86_64_gcc-13.3.0_musl/bin/../libexec/gcc/:/home/hanphone/openwrt-project-environment/openwrt-sdk-24.10.0/staging_dir/toolchain-x86_64_gcc-13.3.0_musl/bin/../lib/gcc/x86_64-openwrt-linux-musl/13.3.0/../../../../x86_64-openwrt-linux-musl/bin/]
  ignore line: [LIBRARY_PATH=/home/hanphone/openwrt-project-environment/openwrt-sdk-24.10.0/staging_dir/toolchain-x86_64_gcc-13.3.0_musl/bin/../lib/gcc/x86_64-openwrt-linux-musl/13.3.0/:/home/hanphone/openwrt-project-environment/openwrt-sdk-24.10.0/staging_dir/toolchain-x86_64_gcc-13.3.0_musl/bin/../lib/gcc/:/home/hanphone/openwrt-project-environment/openwrt-sdk-24.10.0/staging_dir/toolchain-x86_64_gcc-13.3.0_musl/bin/../lib/gcc/x86_64-openwrt-linux-musl/13.3.0/../../../../x86_64-openwrt-linux-musl/lib/:/home/hanphone/openwrt-project-environment/openwrt-sdk-24.10.0/staging_dir/target-x86_64_musl/usr/lib/]
  ignore line: [COLLECT_GCC_OPTIONS='--sysroot=/home/hanphone/openwrt-project-environment/openwrt-sdk-24.10.0/staging_dir/target-x86_64_musl' '-v' '-o' 'cmTC_15ac0' '-shared-libgcc' '-mtune=generic' '-march=x86-64' '-dumpdir' 'cmTC_15ac0.']
  link line: [ /home/hanphone/openwrt-project-environment/openwrt-sdk-24.10.0/staging_dir/toolchain-x86_64_gcc-13.3.0_musl/bin/../libexec/gcc/x86_64-openwrt-linux-musl/13.3.0/collect2 -plugin /home/hanphone/openwrt-project-environment/openwrt-sdk-24.10.0/staging_dir/toolchain-x86_64_gcc-13.3.0_musl/bin/../libexec/gcc/x86_64-openwrt-linux-musl/13.3.0/liblto_plugin.so -plugin-opt=/home/hanphone/openwrt-project-environment/openwrt-sdk-24.10.0/staging_dir/toolchain-x86_64_gcc-13.3.0_musl/bin/../libexec/gcc/x86_64-openwrt-linux-musl/13.3.0/lto-wrapper -plugin-opt=-fresolution=/tmp/ccl1kg0s.res -plugin-opt=-pass-through=-lgcc_s -plugin-opt=-pass-through=-lc -plugin-opt=-pass-through=-lgcc_s --sysroot=/home/hanphone/openwrt-project-environment/openwrt-sdk-24.10.0/staging_dir/target-x86_64_musl --eh-frame-hdr -m elf_x86_64 -dynamic-linker /lib/ld-musl-x86_64.so.1 -o cmTC_15ac0 /home/hanphone/openwrt-project-environment/openwrt-sdk-24.10.0/staging_dir/toolchain-x86_64_gcc-13.3.0_musl/bin/../lib/gcc/x86_64-openwrt-linux-musl/13.3.0/../../../../x86_64-openwrt-linux-musl/lib/crt1.o /home/hanphone/openwrt-project-environment/openwrt-sdk-24.10.0/staging_dir/toolchain-x86_64_gcc-13.3.0_musl/bin/../lib/gcc/x86_64-openwrt-linux-musl/13.3.0/../../../../x86_64-openwrt-linux-musl/lib/crti.o /home/hanphone/openwrt-project-environment/openwrt-sdk-24.10.0/staging_dir/toolchain-x86_64_gcc-13.3.0_musl/bin/../lib/gcc/x86_64-openwrt-linux-musl/13.3.0/crtbegin.o -L /home/hanphone/openwrt-project-environment/openwrt-sdk-24.10.0/staging_dir/usr/lib -rpath-link /home/hanphone/openwrt-project-environment/openwrt-sdk-24.10.0/staging_dir/usr/lib -L/home/hanphone/openwrt-project-environment/openwrt-sdk-24.10.0/staging_dir/toolchain-x86_64_gcc-13.3.0_musl/bin/../lib/gcc/x86_64-openwrt-linux-musl/13.3.0 -L/home/hanphone/openwrt-project-environment/openwrt-sdk-24.10.0/staging_dir/toolchain-x86_64_gcc-13.3.0_musl/bin/../lib/gcc -L/home/hanphone/openwrt-project-environment/openwrt-sdk-24.10.0/staging_dir/toolchain-x86_64_gcc-13.3.0_musl/bin/../lib/gcc/x86_64-openwrt-linux-musl/13.3.0/../../../../x86_64-openwrt-linux-musl/lib -L/home/hanphone/openwrt-project-environment/openwrt-sdk-24.10.0/staging_dir/target-x86_64_musl/usr/lib CMakeFiles/cmTC_15ac0.dir/CMakeCXXCompilerABI.cpp.o -lstdc++ -lm -lssp_nonshared -lgcc_s -lc -lgcc_s /home/hanphone/openwrt-project-environment/openwrt-sdk-24.10.0/staging_dir/toolchain-x86_64_gcc-13.3.0_musl/bin/../lib/gcc/x86_64-openwrt-linux-musl/13.3.0/crtend.o /home/hanphone/openwrt-project-environment/openwrt-sdk-24.10.0/staging_dir/toolchain-x86_64_gcc-13.3.0_musl/bin/../lib/gcc/x86_64-openwrt-linux-musl/13.3.0/../../../../x86_64-openwrt-linux-musl/lib/crtn.o]
    arg [/home/hanphone/openwrt-project-environment/openwrt-sdk-24.10.0/staging_dir/toolchain-x86_64_gcc-13.3.0_musl/bin/../libexec/gcc/x86_64-openwrt-linux-musl/13.3.0/collect2] ==> ignore
    arg [-plugin] ==> ignore
    arg [/home/hanphone/openwrt-project-environment/openwrt-sdk-24.10.0/staging_dir/toolchain-x86_64_gcc-13.3.0_musl/bin/../libexec/gcc/x86_64-openwrt-linux-musl/13.3.0/liblto_plugin.so] ==> ignore
    arg [-plugin-opt=/home/hanphone/openwrt-project-environment/openwrt-sdk-24.10.0/staging_dir/toolchain-x86_64_gcc-13.3.0_musl/bin/../libexec/gcc/x86_64-openwrt-linux-musl/13.3.0/lto-wrapper] ==> ignore
    arg [-plugin-opt=-fresolution=/tmp/ccl1kg0s.res] ==> ignore
    arg [-plugin-opt=-pass-through=-lgcc_s] ==> ignore
    arg [-plugin-opt=-pass-through=-lc] ==> ignore
    arg [-plugin-opt=-pass-through=-lgcc_s] ==> ignore
    arg [--sysroot=/home/hanphone/openwrt-project-environment/openwrt-sdk-24.10.0/staging_dir/target-x86_64_musl] ==> ignore
    arg [--eh-frame-hdr] ==> ignore
    arg [-m] ==> ignore
    arg [elf_x86_64] ==> ignore
    arg [-dynamic-linker] ==> ignore
    arg [/lib/ld-musl-x86_64.so.1] ==> ignore
    arg [-o] ==> ignore
    arg [cmTC_15ac0] ==> ignore
    arg [/home/hanphone/openwrt-project-environment/openwrt-sdk-24.10.0/staging_dir/toolchain-x86_64_gcc-13.3.0_musl/bin/../lib/gcc/x86_64-openwrt-linux-musl/13.3.0/../../../../x86_64-openwrt-linux-musl/lib/crt1.o] ==> obj [/home/hanphone/openwrt-project-environment/openwrt-sdk-24.10.0/staging_dir/toolchain-x86_64_gcc-13.3.0_musl/bin/../lib/gcc/x86_64-openwrt-linux-musl/13.3.0/../../../../x86_64-openwrt-linux-musl/lib/crt1.o]
    arg [/home/hanphone/openwrt-project-environment/openwrt-sdk-24.10.0/staging_dir/toolchain-x86_64_gcc-13.3.0_musl/bin/../lib/gcc/x86_64-openwrt-linux-musl/13.3.0/../../../../x86_64-openwrt-linux-musl/lib/crti.o] ==> obj [/home/hanphone/openwrt-project-environment/openwrt-sdk-24.10.0/staging_dir/toolchain-x86_64_gcc-13.3.0_musl/bin/../lib/gcc/x86_64-openwrt-linux-musl/13.3.0/../../../../x86_64-openwrt-linux-musl/lib/crti.o]
    arg [/home/hanphone/openwrt-project-environment/openwrt-sdk-24.10.0/staging_dir/toolchain-x86_64_gcc-13.3.0_musl/bin/../lib/gcc/x86_64-openwrt-linux-musl/13.3.0/crtbegin.o] ==> obj [/home/hanphone/openwrt-project-environment/openwrt-sdk-24.10.0/staging_dir/toolchain-x86_64_gcc-13.3.0_musl/bin/../lib/gcc/x86_64-openwrt-linux-musl/13.3.0/crtbegin.o]
    arg [-L/home/hanphone/openwrt-project-environment/openwrt-sdk-24.10.0/staging_dir/usr/lib] ==> dir [/home/hanphone/openwrt-project-environment/openwrt-sdk-24.10.0/staging_dir/usr/lib]
    arg [-rpath-link] ==> ignore
    arg [/home/hanphone/openwrt-project-environment/openwrt-sdk-24.10.0/staging_dir/usr/lib] ==> ignore
    arg [-L/home/hanphone/openwrt-project-environment/openwrt-sdk-24.10.0/staging_dir/toolchain-x86_64_gcc-13.3.0_musl/bin/../lib/gcc/x86_64-openwrt-linux-musl/13.3.0] ==> dir [/home/hanphone/openwrt-project-environment/openwrt-sdk-24.10.0/staging_dir/toolchain-x86_64_gcc-13.3.0_musl/bin/../lib/gcc/x86_64-openwrt-linux-musl/13.3.0]
    arg [-L/home/hanphone/openwrt-project-environment/openwrt-sdk-24.10.0/staging_dir/toolchain-x86_64_gcc-13.3.0_musl/bin/../lib/gcc] ==> dir [/home/hanphone/openwrt-project-environment/openwrt-sdk-24.10.0/staging_dir/toolchain-x86_64_gcc-13.3.0_musl/bin/../lib/gcc]
    arg [-L/home/hanphone/openwrt-project-environment/openwrt-sdk-24.10.0/staging_dir/toolchain-x86_64_gcc-13.3.0_musl/bin/../lib/gcc/x86_64-openwrt-linux-musl/13.3.0/../../../../x86_64-openwrt-linux-musl/lib] ==> dir [/home/hanphone/openwrt-project-environment/openwrt-sdk-24.10.0/staging_dir/toolchain-x86_64_gcc-13.3.0_musl/bin/../lib/gcc/x86_64-openwrt-linux-musl/13.3.0/../../../../x86_64-openwrt-linux-musl/lib]
    arg [-L/home/hanphone/openwrt-project-environment/openwrt-sdk-24.10.0/staging_dir/target-x86_64_musl/usr/lib] ==> dir [/home/hanphone/openwrt-project-environment/openwrt-sdk-24.10.0/staging_dir/target-x86_64_musl/usr/lib]
    arg [CMakeFiles/cmTC_15ac0.dir/CMakeCXXCompilerABI.cpp.o] ==> ignore
    arg [-lstdc++] ==> lib [stdc++]
    arg [-lm] ==> lib [m]
    arg [-lssp_nonshared] ==> lib [ssp_nonshared]
    arg [-lgcc_s] ==> lib [gcc_s]
    arg [-lc] ==> lib [c]
    arg [-lgcc_s] ==> lib [gcc_s]
    arg [/home/hanphone/openwrt-project-environment/openwrt-sdk-24.10.0/staging_dir/toolchain-x86_64_gcc-13.3.0_musl/bin/../lib/gcc/x86_64-openwrt-linux-musl/13.3.0/crtend.o] ==> obj [/home/hanphone/openwrt-project-environment/openwrt-sdk-24.10.0/staging_dir/toolchain-x86_64_gcc-13.3.0_musl/bin/../lib/gcc/x86_64-openwrt-linux-musl/13.3.0/crtend.o]
    arg [/home/hanphone/openwrt-project-environment/openwrt-sdk-24.10.0/staging_dir/toolchain-x86_64_gcc-13.3.0_musl/bin/../lib/gcc/x86_64-openwrt-linux-musl/13.3.0/../../../../x86_64-openwrt-linux-musl/lib/crtn.o] ==> obj [/home/hanphone/openwrt-project-environment/openwrt-sdk-24.10.0/staging_dir/toolchain-x86_64_gcc-13.3.0_musl/bin/../lib/gcc/x86_64-openwrt-linux-musl/13.3.0/../../../../x86_64-openwrt-linux-musl/lib/crtn.o]
  collapse obj [/home/hanphone/openwrt-project-environment/openwrt-sdk-24.10.0/staging_dir/toolchain-x86_64_gcc-13.3.0_musl/bin/../lib/gcc/x86_64-openwrt-linux-musl/13.3.0/../../../../x86_64-openwrt-linux-musl/lib/crt1.o] ==> [/home/hanphone/openwrt-project-environment/openwrt-sdk-24.10.0/staging_dir/toolchain-x86_64_gcc-13.3.0_musl/x86_64-openwrt-linux-musl/lib/crt1.o]
  collapse obj [/home/hanphone/openwrt-project-environment/openwrt-sdk-24.10.0/staging_dir/toolchain-x86_64_gcc-13.3.0_musl/bin/../lib/gcc/x86_64-openwrt-linux-musl/13.3.0/../../../../x86_64-openwrt-linux-musl/lib/crti.o] ==> [/home/hanphone/openwrt-project-environment/openwrt-sdk-24.10.0/staging_dir/toolchain-x86_64_gcc-13.3.0_musl/x86_64-openwrt-linux-musl/lib/crti.o]
  collapse obj [/home/hanphone/openwrt-project-environment/openwrt-sdk-24.10.0/staging_dir/toolchain-x86_64_gcc-13.3.0_musl/bin/../lib/gcc/x86_64-openwrt-linux-musl/13.3.0/crtbegin.o] ==> [/home/hanphone/openwrt-project-environment/openwrt-sdk-24.10.0/staging_dir/toolchain-x86_64_gcc-13.3.0_musl/lib/gcc/x86_64-openwrt-linux-musl/13.3.0/crtbegin.o]
  collapse obj [/home/hanphone/openwrt-project-environment/openwrt-sdk-24.10.0/staging_dir/toolchain-x86_64_gcc-13.3.0_musl/bin/../lib/gcc/x86_64-openwrt-linux-musl/13.3.0/crtend.o] ==> [/home/hanphone/openwrt-project-environment/openwrt-sdk-24.10.0/staging_dir/toolchain-x86_64_gcc-13.3.0_musl/lib/gcc/x86_64-openwrt-linux-musl/13.3.0/crtend.o]
  collapse obj [/home/hanphone/openwrt-project-environment/openwrt-sdk-24.10.0/staging_dir/toolchain-x86_64_gcc-13.3.0_musl/bin/../lib/gcc/x86_64-openwrt-linux-musl/13.3.0/../../../../x86_64-openwrt-linux-musl/lib/crtn.o] ==> [/home/hanphone/openwrt-project-environment/openwrt-sdk-24.10.0/staging_dir/toolchain-x86_64_gcc-13.3.0_musl/x86_64-openwrt-linux-musl/lib/crtn.o]
  collapse library dir [/home/hanphone/openwrt-project-environment/openwrt-sdk-24.10.0/staging_dir/usr/lib] ==> [/home/hanphone/openwrt-project-environment/openwrt-sdk-24.10.0/staging_dir/usr/lib]
  collapse library dir [/home/hanphone/openwrt-project-environment/openwrt-sdk-24.10.0/staging_dir/toolchain-x86_64_gcc-13.3.0_musl/bin/../lib/gcc/x86_64-openwrt-linux-musl/13.3.0] ==> [/home/hanphone/openwrt-project-environment/openwrt-sdk-24.10.0/staging_dir/toolchain-x86_64_gcc-13.3.0_musl/lib/gcc/x86_64-openwrt-linux-musl/13.3.0]
  collapse library dir [/home/hanphone/openwrt-project-environment/openwrt-sdk-24.10.0/staging_dir/toolchain-x86_64_gcc-13.3.0_musl/bin/../lib/gcc] ==> [/home/hanphone/openwrt-project-environment/openwrt-sdk-24.10.0/staging_dir/toolchain-x86_64_gcc-13.3.0_musl/lib/gcc]
  collapse library dir [/home/hanphone/openwrt-project-environment/openwrt-sdk-24.10.0/staging_dir/toolchain-x86_64_gcc-13.3.0_musl/bin/../lib/gcc/x86_64-openwrt-linux-musl/13.3.0/../../../../x86_64-openwrt-linux-musl/lib] ==> [/home/hanphone/openwrt-project-environment/openwrt-sdk-24.10.0/staging_dir/toolchain-x86_64_gcc-13.3.0_musl/x86_64-openwrt-linux-musl/lib]
  collapse library dir [/home/hanphone/openwrt-project-environment/openwrt-sdk-24.10.0/staging_dir/target-x86_64_musl/usr/lib] ==> [/home/hanphone/openwrt-project-environment/openwrt-sdk-24.10.0/staging_dir/target-x86_64_musl/usr/lib]
  implicit libs: [stdc++;m;ssp_nonshared;gcc_s;c;gcc_s]
  implicit objs: [/home/hanphone/openwrt-project-environment/openwrt-sdk-24.10.0/staging_dir/toolchain-x86_64_gcc-13.3.0_musl/x86_64-openwrt-linux-musl/lib/crt1.o;/home/hanphone/openwrt-project-environment/openwrt-sdk-24.10.0/staging_dir/toolchain-x86_64_gcc-13.3.0_musl/x86_64-openwrt-linux-musl/lib/crti.o;/home/hanphone/openwrt-project-environment/openwrt-sdk-24.10.0/staging_dir/toolchain-x86_64_gcc-13.3.0_musl/lib/gcc/x86_64-openwrt-linux-musl/13.3.0/crtbegin.o;/home/hanphone/openwrt-project-environment/openwrt-sdk-24.10.0/staging_dir/toolchain-x86_64_gcc-13.3.0_musl/lib/gcc/x86_64-openwrt-linux-musl/13.3.0/crtend.o;/home/hanphone/openwrt-project-environment/openwrt-sdk-24.10.0/staging_dir/toolchain-x86_64_gcc-13.3.0_musl/x86_64-openwrt-linux-musl/lib/crtn.o]
  implicit dirs: [/home/hanphone/openwrt-project-environment/openwrt-sdk-24.10.0/staging_dir/usr/lib;/home/hanphone/openwrt-project-environment/openwrt-sdk-24.10.0/staging_dir/toolchain-x86_64_gcc-13.3.0_musl/lib/gcc/x86_64-openwrt-linux-musl/13.3.0;/home/hanphone/openwrt-project-environment/openwrt-sdk-24.10.0/staging_dir/toolchain-x86_64_gcc-13.3.0_musl/lib/gcc;/home/hanphone/openwrt-project-environment/openwrt-sdk-24.10.0/staging_dir/toolchain-x86_64_gcc-13.3.0_musl/x86_64-openwrt-linux-musl/lib;/home/hanphone/openwrt-project-environment/openwrt-sdk-24.10.0/staging_dir/target-x86_64_musl/usr/lib]
  implicit fwks: []


